{"contracts\\adapters\\BackedStockSwapAdapter.sol":{"l":{"125":0,"126":0,"127":0,"129":0,"130":0,"131":0,"132":0,"135":0,"164":0,"165":0,"168":0,"171":0,"175":0,"177":0,"182":0,"184":0,"186":0,"200":0,"201":0,"203":0,"206":0,"208":0,"209":0,"210":0,"212":0,"217":0,"218":0,"227":0,"230":0,"231":0,"237":0,"240":0,"247":0,"254":0,"270":0,"271":0,"273":0,"274":0,"275":0,"276":0,"279":0,"281":0,"289":0,"291":0,"292":0,"293":0,"296":0,"297":0,"298":0,"299":0,"300":0,"301":0,"303":0,"307":0,"309":0,"321":0,"323":0,"325":0,"339":0,"340":0},"path":"C:\\Users\\user\\Documents\\New-folder\\NdaFundPlatform-\\packages\\contracts\\contracts\\adapters\\BackedStockSwapAdapter.sol","s":{"1":0,"2":0,"3":0,"4":0,"5":0,"6":0,"7":0,"8":0,"9":0,"10":0,"11":0,"12":0,"13":0,"14":0,"15":0,"16":0,"17":0,"18":0,"19":0,"20":0,"21":0,"22":0,"23":0,"24":0,"25":0,"26":0,"27":0,"28":0,"29":0,"30":0,"31":0,"32":0,"33":0,"34":0,"35":0,"36":0,"37":0,"38":0,"39":0,"40":0,"41":0,"42":0,"43":0,"44":0,"45":0},"b":{"1":[0,0],"2":[0,0],"3":[0,0],"4":[0,0],"5":[0,0],"6":[0,0],"7":[0,0],"8":[0,0],"9":[0,0],"10":[0,0],"11":[0,0],"12":[0,0],"13":[0,0],"14":[0,0],"15":[0,0],"16":[0,0],"17":[0,0],"18":[0,0],"19":[0,0],"20":[0,0],"21":[0,0]},"f":{"1":0,"2":0,"3":0,"4":0,"5":0,"6":0,"7":0,"8":0,"9":0},"fnMap":{"1":{"name":"constructor","line":124,"loc":{"start":{"line":118,"column":4},"end":{"line":136,"column":4}}},"2":{"name":"swapUSDCToToken","line":159,"loc":{"start":{"line":159,"column":4},"end":{"line":187,"column":4}}},"3":{"name":"getQuote","line":196,"loc":{"start":{"line":196,"column":4},"end":{"line":241,"column":4}}},"4":{"name":"getUSDC","line":246,"loc":{"start":{"line":246,"column":4},"end":{"line":248,"column":4}}},"5":{"name":"getSupportedTokens","line":253,"loc":{"start":{"line":253,"column":4},"end":{"line":255,"column":4}}},"6":{"name":"addToken","line":269,"loc":{"start":{"line":265,"column":4},"end":{"line":282,"column":4}}},"7":{"name":"removeToken","line":288,"loc":{"start":{"line":288,"column":4},"end":{"line":310,"column":4}}},"8":{"name":"updatePriceFeed","line":320,"loc":{"start":{"line":317,"column":4},"end":{"line":326,"column":4}}},"9":{"name":"rescueTokens","line":338,"loc":{"start":{"line":334,"column":4},"end":{"line":341,"column":4}}}},"statementMap":{"1":{"start":{"line":125,"column":8},"end":{"line":125,"column":53}},"2":{"start":{"line":126,"column":8},"end":{"line":126,"column":62}},"3":{"start":{"line":127,"column":8},"end":{"line":127,"column":64}},"4":{"start":{"line":135,"column":8},"end":{"line":135,"column":69}},"5":{"start":{"line":164,"column":8},"end":{"line":164,"column":67}},"6":{"start":{"line":165,"column":8},"end":{"line":165,"column":50}},"7":{"start":{"line":168,"column":8},"end":{"line":168,"column":77}},"8":{"start":{"line":171,"column":8},"end":{"line":171,"column":62}},"9":{"start":{"line":177,"column":8},"end":{"line":177,"column":63}},"10":{"start":{"line":182,"column":8},"end":{"line":182,"column":59}},"11":{"start":{"line":184,"column":8},"end":{"line":184,"column":72}},"12":{"start":{"line":186,"column":8},"end":{"line":186,"column":24}},"13":{"start":{"line":200,"column":8},"end":{"line":200,"column":67}},"14":{"start":{"line":201,"column":8},"end":{"line":201,"column":39}},"15":{"start":{"line":201,"column":31},"end":{"line":201,"column":39}},"16":{"start":{"line":203,"column":8},"end":{"line":203,"column":53}},"17":{"start":{"line":206,"column":8},"end":{"line":206,"column":7141}},"18":{"start":{"line":208,"column":12},"end":{"line":208,"column":58}},"19":{"start":{"line":209,"column":12},"end":{"line":209,"column":7297}},"20":{"start":{"line":210,"column":16},"end":{"line":210,"column":78}},"21":{"start":{"line":212,"column":16},"end":{"line":212,"column":78}},"22":{"start":{"line":217,"column":8},"end":{"line":217,"column":65}},"23":{"start":{"line":218,"column":8},"end":{"line":218,"column":7684}},"24":{"start":{"line":227,"column":8},"end":{"line":227,"column":82}},"25":{"start":{"line":230,"column":8},"end":{"line":230,"column":45}},"26":{"start":{"line":231,"column":8},"end":{"line":231,"column":59}},"27":{"start":{"line":240,"column":8},"end":{"line":240,"column":26}},"28":{"start":{"line":247,"column":8},"end":{"line":247,"column":19}},"29":{"start":{"line":254,"column":8},"end":{"line":254,"column":30}},"30":{"start":{"line":270,"column":8},"end":{"line":270,"column":53}},"31":{"start":{"line":271,"column":8},"end":{"line":271,"column":63}},"32":{"start":{"line":276,"column":8},"end":{"line":276,"column":34}},"33":{"start":{"line":279,"column":8},"end":{"line":279,"column":69}},"34":{"start":{"line":281,"column":8},"end":{"line":281,"column":41}},"35":{"start":{"line":289,"column":8},"end":{"line":289,"column":64}},"36":{"start":{"line":296,"column":8},"end":{"line":296,"column":44}},"37":{"start":{"line":297,"column":8},"end":{"line":297,"column":10172}},"38":{"start":{"line":298,"column":12},"end":{"line":298,"column":10221}},"39":{"start":{"line":300,"column":16},"end":{"line":300,"column":36}},"40":{"start":{"line":307,"column":8},"end":{"line":307,"column":53}},"41":{"start":{"line":309,"column":8},"end":{"line":309,"column":32}},"42":{"start":{"line":321,"column":8},"end":{"line":321,"column":64}},"43":{"start":{"line":325,"column":8},"end":{"line":325,"column":50}},"44":{"start":{"line":339,"column":8},"end":{"line":339,"column":50}},"45":{"start":{"line":340,"column":8},"end":{"line":340,"column":45}}},"branchMap":{"1":{"line":125,"type":"if","locations":[{"start":{"line":125,"column":8},"end":{"line":125,"column":8}},{"start":{"line":125,"column":8},"end":{"line":125,"column":8}}]},"2":{"line":126,"type":"if","locations":[{"start":{"line":126,"column":8},"end":{"line":126,"column":8}},{"start":{"line":126,"column":8},"end":{"line":126,"column":8}}]},"3":{"line":127,"type":"if","locations":[{"start":{"line":127,"column":8},"end":{"line":127,"column":8}},{"start":{"line":127,"column":8},"end":{"line":127,"column":8}}]},"4":{"line":164,"type":"if","locations":[{"start":{"line":164,"column":8},"end":{"line":164,"column":8}},{"start":{"line":164,"column":8},"end":{"line":164,"column":8}}]},"5":{"line":165,"type":"if","locations":[{"start":{"line":165,"column":8},"end":{"line":165,"column":8}},{"start":{"line":165,"column":8},"end":{"line":165,"column":8}}]},"6":{"line":177,"type":"if","locations":[{"start":{"line":177,"column":8},"end":{"line":177,"column":8}},{"start":{"line":177,"column":8},"end":{"line":177,"column":8}}]},"7":{"line":200,"type":"if","locations":[{"start":{"line":200,"column":8},"end":{"line":200,"column":8}},{"start":{"line":200,"column":8},"end":{"line":200,"column":8}}]},"8":{"line":201,"type":"if","locations":[{"start":{"line":201,"column":8},"end":{"line":201,"column":8}},{"start":{"line":201,"column":8},"end":{"line":201,"column":8}}]},"9":{"line":206,"type":"if","locations":[{"start":{"line":206,"column":8},"end":{"line":206,"column":8}},{"start":{"line":206,"column":8},"end":{"line":206,"column":8}}]},"10":{"line":209,"type":"if","locations":[{"start":{"line":209,"column":12},"end":{"line":209,"column":12}},{"start":{"line":209,"column":12},"end":{"line":209,"column":12}}]},"11":{"line":227,"type":"if","locations":[{"start":{"line":227,"column":8},"end":{"line":227,"column":8}},{"start":{"line":227,"column":8},"end":{"line":227,"column":8}}]},"12":{"line":269,"type":"if","locations":[{"start":{"line":269,"column":15},"end":{"line":269,"column":15}},{"start":{"line":269,"column":15},"end":{"line":269,"column":15}}]},"13":{"line":270,"type":"if","locations":[{"start":{"line":270,"column":8},"end":{"line":270,"column":8}},{"start":{"line":270,"column":8},"end":{"line":270,"column":8}}]},"14":{"line":271,"type":"if","locations":[{"start":{"line":271,"column":8},"end":{"line":271,"column":8}},{"start":{"line":271,"column":8},"end":{"line":271,"column":8}}]},"15":{"line":288,"type":"if","locations":[{"start":{"line":288,"column":49},"end":{"line":288,"column":49}},{"start":{"line":288,"column":49},"end":{"line":288,"column":49}}]},"16":{"line":289,"type":"if","locations":[{"start":{"line":289,"column":8},"end":{"line":289,"column":8}},{"start":{"line":289,"column":8},"end":{"line":289,"column":8}}]},"17":{"line":298,"type":"if","locations":[{"start":{"line":298,"column":12},"end":{"line":298,"column":12}},{"start":{"line":298,"column":12},"end":{"line":298,"column":12}}]},"18":{"line":320,"type":"if","locations":[{"start":{"line":320,"column":15},"end":{"line":320,"column":15}},{"start":{"line":320,"column":15},"end":{"line":320,"column":15}}]},"19":{"line":321,"type":"if","locations":[{"start":{"line":321,"column":8},"end":{"line":321,"column":8}},{"start":{"line":321,"column":8},"end":{"line":321,"column":8}}]},"20":{"line":338,"type":"if","locations":[{"start":{"line":338,"column":15},"end":{"line":338,"column":15}},{"start":{"line":338,"column":15},"end":{"line":338,"column":15}}]},"21":{"line":339,"type":"if","locations":[{"start":{"line":339,"column":8},"end":{"line":339,"column":8}},{"start":{"line":339,"column":8},"end":{"line":339,"column":8}}]}}},"contracts\\adapters\\CowSwapAdapter.sol":{"l":{"93":4,"94":4,"95":4,"96":4,"98":4,"99":4,"100":4,"101":4,"103":4,"116":0,"118":0,"120":0,"122":0,"132":0,"145":0,"146":0,"149":0,"151":0,"162":0,"163":0,"164":0,"165":0,"166":0,"169":0,"179":37,"188":37,"189":35,"190":34,"192":32,"201":0,"202":0,"208":0,"211":0,"213":0,"217":0,"227":2,"229":1,"230":1,"232":1},"path":"C:\\Users\\user\\Documents\\New-folder\\NdaFundPlatform-\\packages\\contracts\\contracts\\adapters\\CowSwapAdapter.sol","s":{"1":4,"2":4,"3":4,"4":4,"5":4,"6":0,"7":0,"8":0,"9":0,"10":0,"11":0,"12":0,"13":0,"14":0,"15":0,"16":0,"17":0,"18":0,"19":0,"20":37,"21":37,"22":35,"23":34,"24":32,"25":0,"26":0,"27":0,"28":0,"29":0,"30":0,"31":2,"32":1,"33":1},"b":{"1":[0,4],"2":[0,4],"3":[0,4],"4":[0,4],"5":[0,0],"6":[0,0],"7":[0,0],"8":[2,35],"9":[1,34],"10":[2,32],"11":[2,1],"12":[1,1]},"f":{"1":4,"2":0,"3":0,"4":37,"5":0,"6":0,"7":2},"fnMap":{"1":{"name":"constructor","line":92,"loc":{"start":{"line":86,"column":4},"end":{"line":104,"column":4}}},"2":{"name":"swapToUSDT","line":111,"loc":{"start":{"line":111,"column":4},"end":{"line":133,"column":4}}},"3":{"name":"swapNativeToUSDT","line":139,"loc":{"start":{"line":139,"column":4},"end":{"line":170,"column":4}}},"4":{"name":"getEthUsdPrice","line":178,"loc":{"start":{"line":178,"column":4},"end":{"line":193,"column":4}}},"5":{"name":"_getMinBuyAmount","line":200,"loc":{"start":{"line":200,"column":4},"end":{"line":214,"column":4}}},"6":{"name":"_applySlippage","line":216,"loc":{"start":{"line":216,"column":4},"end":{"line":218,"column":4}}},"7":{"name":"setEthUsdPriceFeed","line":226,"loc":{"start":{"line":226,"column":4},"end":{"line":233,"column":4}}}},"statementMap":{"1":{"start":{"line":93,"column":8},"end":{"line":93,"column":59}},"2":{"start":{"line":94,"column":8},"end":{"line":94,"column":53}},"3":{"start":{"line":95,"column":8},"end":{"line":95,"column":53}},"4":{"start":{"line":96,"column":8},"end":{"line":96,"column":64}},"5":{"start":{"line":103,"column":8},"end":{"line":103,"column":72}},"6":{"start":{"line":116,"column":8},"end":{"line":116,"column":44}},"7":{"start":{"line":116,"column":29},"end":{"line":116,"column":44}},"8":{"start":{"line":118,"column":8},"end":{"line":118,"column":82}},"9":{"start":{"line":120,"column":8},"end":{"line":120,"column":77}},"10":{"start":{"line":132,"column":8},"end":{"line":132,"column":28}},"11":{"start":{"line":145,"column":8},"end":{"line":145,"column":46}},"12":{"start":{"line":146,"column":8},"end":{"line":146,"column":64}},"13":{"start":{"line":149,"column":8},"end":{"line":149,"column":58}},"14":{"start":{"line":162,"column":8},"end":{"line":162,"column":69}},"15":{"start":{"line":163,"column":8},"end":{"line":163,"column":5146}},"16":{"start":{"line":164,"column":12},"end":{"line":164,"column":46}},"17":{"start":{"line":165,"column":12},"end":{"line":165,"column":71}},"18":{"start":{"line":166,"column":12},"end":{"line":166,"column":48}},"19":{"start":{"line":169,"column":8},"end":{"line":169,"column":28}},"20":{"start":{"line":179,"column":8},"end":{"line":179,"column":5711}},"21":{"start":{"line":188,"column":8},"end":{"line":188,"column":46}},"22":{"start":{"line":189,"column":8},"end":{"line":189,"column":58}},"23":{"start":{"line":190,"column":8},"end":{"line":190,"column":94}},"24":{"start":{"line":192,"column":8},"end":{"line":192,"column":30}},"25":{"start":{"line":201,"column":8},"end":{"line":201,"column":46}},"26":{"start":{"line":202,"column":8},"end":{"line":202,"column":54}},"27":{"start":{"line":208,"column":8},"end":{"line":208,"column":95}},"28":{"start":{"line":211,"column":8},"end":{"line":211,"column":81}},"29":{"start":{"line":213,"column":8},"end":{"line":213,"column":27}},"30":{"start":{"line":217,"column":8},"end":{"line":217,"column":45}},"31":{"start":{"line":227,"column":8},"end":{"line":227,"column":61}},"32":{"start":{"line":229,"column":8},"end":{"line":229,"column":50}},"33":{"start":{"line":232,"column":8},"end":{"line":232,"column":53}}},"branchMap":{"1":{"line":93,"type":"if","locations":[{"start":{"line":93,"column":8},"end":{"line":93,"column":8}},{"start":{"line":93,"column":8},"end":{"line":93,"column":8}}]},"2":{"line":94,"type":"if","locations":[{"start":{"line":94,"column":8},"end":{"line":94,"column":8}},{"start":{"line":94,"column":8},"end":{"line":94,"column":8}}]},"3":{"line":95,"type":"if","locations":[{"start":{"line":95,"column":8},"end":{"line":95,"column":8}},{"start":{"line":95,"column":8},"end":{"line":95,"column":8}}]},"4":{"line":96,"type":"if","locations":[{"start":{"line":96,"column":8},"end":{"line":96,"column":8}},{"start":{"line":96,"column":8},"end":{"line":96,"column":8}}]},"5":{"line":116,"type":"if","locations":[{"start":{"line":116,"column":8},"end":{"line":116,"column":8}},{"start":{"line":116,"column":8},"end":{"line":116,"column":8}}]},"6":{"line":163,"type":"if","locations":[{"start":{"line":163,"column":8},"end":{"line":163,"column":8}},{"start":{"line":163,"column":8},"end":{"line":163,"column":8}}]},"7":{"line":166,"type":"if","locations":[{"start":{"line":166,"column":12},"end":{"line":166,"column":12}},{"start":{"line":166,"column":12},"end":{"line":166,"column":12}}]},"8":{"line":188,"type":"if","locations":[{"start":{"line":188,"column":8},"end":{"line":188,"column":8}},{"start":{"line":188,"column":8},"end":{"line":188,"column":8}}]},"9":{"line":189,"type":"if","locations":[{"start":{"line":189,"column":8},"end":{"line":189,"column":8}},{"start":{"line":189,"column":8},"end":{"line":189,"column":8}}]},"10":{"line":190,"type":"if","locations":[{"start":{"line":190,"column":8},"end":{"line":190,"column":8}},{"start":{"line":190,"column":8},"end":{"line":190,"column":8}}]},"11":{"line":226,"type":"if","locations":[{"start":{"line":226,"column":64},"end":{"line":226,"column":64}},{"start":{"line":226,"column":64},"end":{"line":226,"column":64}}]},"12":{"line":227,"type":"if","locations":[{"start":{"line":227,"column":8},"end":{"line":227,"column":8}},{"start":{"line":227,"column":8},"end":{"line":227,"column":8}}]}}},"contracts\\adapters\\OneInchAdapter.sol":{"l":{"38":2,"39":2,"40":2,"48":0,"49":0,"53":0,"54":0,"56":0,"58":0,"60":0,"70":0,"76":0,"78":0,"81":0,"82":0,"84":0,"86":0,"90":0},"path":"C:\\Users\\user\\Documents\\New-folder\\NdaFundPlatform-\\packages\\contracts\\contracts\\adapters\\OneInchAdapter.sol","s":{"1":0,"2":0,"3":0,"4":0,"5":0,"6":0,"7":0,"8":0,"9":0,"10":0,"11":0},"b":{"1":[0,0],"2":[0,0],"3":[0,0]},"f":{"1":2,"2":0,"3":0,"4":0},"fnMap":{"1":{"name":"constructor","line":37,"loc":{"start":{"line":37,"column":4},"end":{"line":41,"column":4}}},"2":{"name":"setSwapData","line":47,"loc":{"start":{"line":47,"column":4},"end":{"line":50,"column":4}}},"3":{"name":"swapToUSDT","line":52,"loc":{"start":{"line":52,"column":4},"end":{"line":87,"column":4}}},"4":{"name":"swapNativeToUSDT","line":89,"loc":{"start":{"line":89,"column":4},"end":{"line":91,"column":4}}}},"statementMap":{"1":{"start":{"line":53,"column":8},"end":{"line":53,"column":44}},"2":{"start":{"line":53,"column":29},"end":{"line":53,"column":44}},"3":{"start":{"line":54,"column":8},"end":{"line":54,"column":66}},"4":{"start":{"line":56,"column":8},"end":{"line":56,"column":76}},"5":{"start":{"line":58,"column":8},"end":{"line":58,"column":62}},"6":{"start":{"line":60,"column":8},"end":{"line":60,"column":1940}},"7":{"start":{"line":70,"column":8},"end":{"line":70,"column":2266}},"8":{"start":{"line":78,"column":12},"end":{"line":78,"column":38}},"9":{"start":{"line":84,"column":8},"end":{"line":84,"column":55}},"10":{"start":{"line":86,"column":8},"end":{"line":86,"column":24}},"11":{"start":{"line":90,"column":8},"end":{"line":90,"column":16}}},"branchMap":{"1":{"line":47,"type":"if","locations":[{"start":{"line":47,"column":75},"end":{"line":47,"column":75}},{"start":{"line":47,"column":75},"end":{"line":47,"column":75}}]},"2":{"line":53,"type":"if","locations":[{"start":{"line":53,"column":8},"end":{"line":53,"column":8}},{"start":{"line":53,"column":8},"end":{"line":53,"column":8}}]},"3":{"line":54,"type":"if","locations":[{"start":{"line":54,"column":8},"end":{"line":54,"column":8}},{"start":{"line":54,"column":8},"end":{"line":54,"column":8}}]}}},"contracts\\adapters\\UniswapAdapter.sol":{"l":{"21":0,"22":0,"23":0,"30":0,"33":0,"36":0,"38":0,"39":0,"40":0,"43":0,"46":0,"54":0,"55":0,"56":0,"59":0,"62":0},"path":"C:\\Users\\user\\Documents\\New-folder\\NdaFundPlatform-\\packages\\contracts\\contracts\\adapters\\UniswapAdapter.sol","s":{"1":0,"2":0,"3":0,"4":0,"5":0,"6":0,"7":0,"8":0,"9":0,"10":0},"b":{"1":[0,0]},"f":{"1":0,"2":0,"3":0},"fnMap":{"1":{"name":"constructor","line":20,"loc":{"start":{"line":20,"column":4},"end":{"line":24,"column":4}}},"2":{"name":"swapToUSDT","line":26,"loc":{"start":{"line":26,"column":4},"end":{"line":47,"column":4}}},"3":{"name":"swapNativeToUSDT","line":49,"loc":{"start":{"line":49,"column":4},"end":{"line":63,"column":4}}}},"statementMap":{"1":{"start":{"line":30,"column":8},"end":{"line":30,"column":44}},"2":{"start":{"line":30,"column":29},"end":{"line":30,"column":44}},"3":{"start":{"line":33,"column":8},"end":{"line":33,"column":76}},"4":{"start":{"line":36,"column":8},"end":{"line":36,"column":69}},"5":{"start":{"line":38,"column":8},"end":{"line":38,"column":48}},"6":{"start":{"line":43,"column":8},"end":{"line":43,"column":1371}},"7":{"start":{"line":46,"column":8},"end":{"line":46,"column":25}},"8":{"start":{"line":54,"column":8},"end":{"line":54,"column":48}},"9":{"start":{"line":59,"column":8},"end":{"line":59,"column":1812}},"10":{"start":{"line":62,"column":8},"end":{"line":62,"column":25}}},"branchMap":{"1":{"line":30,"type":"if","locations":[{"start":{"line":30,"column":8},"end":{"line":30,"column":8}},{"start":{"line":30,"column":8},"end":{"line":30,"column":8}}]}}},"contracts\\NdaFundPlatformBridge.sol":{"l":{"50":2,"51":2,"53":2,"54":2,"55":2,"67":2,"70":2,"72":2,"73":2,"74":2,"76":0,"77":0,"80":2,"83":2,"87":2,"90":2,"91":0,"94":0,"102":0,"103":0,"105":0,"114":0,"115":0,"117":0,"118":0,"130":2,"133":2,"134":2,"136":2,"138":2,"139":2,"140":1,"144":1,"149":2,"150":2,"156":1,"157":1,"161":3,"162":1,"163":1,"165":2,"166":2,"167":2,"176":15,"184":8},"path":"C:\\Users\\user\\Documents\\New-folder\\NdaFundPlatform-\\packages\\contracts\\contracts\\NdaFundPlatformBridge.sol","s":{"1":2,"2":2,"3":2,"4":2,"5":2,"6":2,"7":0,"8":2,"9":2,"10":2,"11":2,"12":0,"13":0,"14":0,"15":0,"16":0,"17":0,"18":0,"19":2,"20":2,"21":2,"22":2,"23":2,"24":2,"25":2,"26":2,"27":1,"28":3,"29":1,"30":1,"31":2,"32":2,"33":2,"34":15,"35":8},"b":{"1":[2,0],"2":[2,0],"3":[5,0],"4":[2,3],"5":[2,0],"6":[2,0],"7":[2,0],"8":[0,0],"9":[2,0],"10":[2,0],"11":[1,1],"12":[2,0],"13":[1,0],"14":[3,1],"15":[1,2],"16":[15,1],"17":[8,1]},"f":{"1":2,"2":2,"3":0,"4":2,"5":1,"6":3,"7":15,"8":8},"fnMap":{"1":{"name":"constructor","line":48,"loc":{"start":{"line":40,"column":4},"end":{"line":56,"column":4}}},"2":{"name":"sendCrossChainAction","line":66,"loc":{"start":{"line":60,"column":4},"end":{"line":106,"column":4}}},"3":{"name":"quoteCrossChainAction","line":108,"loc":{"start":{"line":108,"column":4},"end":{"line":119,"column":4}}},"4":{"name":"_lzReceive","line":129,"loc":{"start":{"line":123,"column":4},"end":{"line":151,"column":4}}},"5":{"name":"setPeerFactory","line":155,"loc":{"start":{"line":155,"column":4},"end":{"line":158,"column":4}}},"6":{"name":"emergencyWithdraw","line":160,"loc":{"start":{"line":160,"column":4},"end":{"line":169,"column":4}}},"7":{"name":"pause","line":175,"loc":{"start":{"line":175,"column":4},"end":{"line":177,"column":4}}},"8":{"name":"unpause","line":183,"loc":{"start":{"line":183,"column":4},"end":{"line":185,"column":4}}}},"statementMap":{"1":{"start":{"line":50,"column":8},"end":{"line":50,"column":59}},"2":{"start":{"line":51,"column":8},"end":{"line":51,"column":61}},"3":{"start":{"line":67,"column":8},"end":{"line":67,"column":51}},"4":{"start":{"line":70,"column":8},"end":{"line":70,"column":78}},"5":{"start":{"line":72,"column":8},"end":{"line":72,"column":26}},"6":{"start":{"line":73,"column":8},"end":{"line":73,"column":2823}},"7":{"start":{"line":76,"column":12},"end":{"line":76,"column":73}},"8":{"start":{"line":80,"column":8},"end":{"line":80,"column":57}},"9":{"start":{"line":83,"column":8},"end":{"line":83,"column":90}},"10":{"start":{"line":87,"column":8},"end":{"line":87,"column":97}},"11":{"start":{"line":90,"column":8},"end":{"line":90,"column":76}},"12":{"start":{"line":91,"column":8},"end":{"line":91,"column":76}},"13":{"start":{"line":94,"column":8},"end":{"line":94,"column":3737}},"14":{"start":{"line":105,"column":8},"end":{"line":105,"column":77}},"15":{"start":{"line":114,"column":8},"end":{"line":114,"column":91}},"16":{"start":{"line":115,"column":8},"end":{"line":115,"column":97}},"17":{"start":{"line":117,"column":8},"end":{"line":117,"column":76}},"18":{"start":{"line":118,"column":8},"end":{"line":118,"column":46}},"19":{"start":{"line":130,"column":8},"end":{"line":130,"column":5013}},"20":{"start":{"line":133,"column":8},"end":{"line":133,"column":60}},"21":{"start":{"line":134,"column":8},"end":{"line":134,"column":66}},"22":{"start":{"line":136,"column":8},"end":{"line":136,"column":61}},"23":{"start":{"line":138,"column":8},"end":{"line":138,"column":20}},"24":{"start":{"line":139,"column":8},"end":{"line":139,"column":5331}},"25":{"start":{"line":149,"column":8},"end":{"line":149,"column":51}},"26":{"start":{"line":150,"column":8},"end":{"line":150,"column":68}},"27":{"start":{"line":157,"column":8},"end":{"line":157,"column":43}},"28":{"start":{"line":161,"column":8},"end":{"line":161,"column":6209}},"29":{"start":{"line":162,"column":12},"end":{"line":162,"column":59}},"30":{"start":{"line":163,"column":12},"end":{"line":163,"column":78}},"31":{"start":{"line":165,"column":12},"end":{"line":165,"column":69}},"32":{"start":{"line":166,"column":12},"end":{"line":166,"column":56}},"33":{"start":{"line":167,"column":12},"end":{"line":167,"column":60}},"34":{"start":{"line":176,"column":8},"end":{"line":176,"column":15}},"35":{"start":{"line":184,"column":8},"end":{"line":184,"column":17}}},"branchMap":{"1":{"line":50,"type":"if","locations":[{"start":{"line":50,"column":8},"end":{"line":50,"column":8}},{"start":{"line":50,"column":8},"end":{"line":50,"column":8}}]},"2":{"line":51,"type":"if","locations":[{"start":{"line":51,"column":8},"end":{"line":51,"column":8}},{"start":{"line":51,"column":8},"end":{"line":51,"column":8}}]},"3":{"line":66,"type":"if","locations":[{"start":{"line":66,"column":23},"end":{"line":66,"column":23}},{"start":{"line":66,"column":23},"end":{"line":66,"column":23}}]},"4":{"line":66,"type":"if","locations":[{"start":{"line":66,"column":36},"end":{"line":66,"column":36}},{"start":{"line":66,"column":36},"end":{"line":66,"column":36}}]},"5":{"line":67,"type":"if","locations":[{"start":{"line":67,"column":8},"end":{"line":67,"column":8}},{"start":{"line":67,"column":8},"end":{"line":67,"column":8}}]},"6":{"line":73,"type":"if","locations":[{"start":{"line":73,"column":8},"end":{"line":73,"column":8}},{"start":{"line":73,"column":8},"end":{"line":73,"column":8}}]},"7":{"line":80,"type":"if","locations":[{"start":{"line":80,"column":8},"end":{"line":80,"column":8}},{"start":{"line":80,"column":8},"end":{"line":80,"column":8}}]},"8":{"line":91,"type":"if","locations":[{"start":{"line":91,"column":8},"end":{"line":91,"column":8}},{"start":{"line":91,"column":8},"end":{"line":91,"column":8}}]},"9":{"line":129,"type":"if","locations":[{"start":{"line":129,"column":24},"end":{"line":129,"column":24}},{"start":{"line":129,"column":24},"end":{"line":129,"column":24}}]},"10":{"line":134,"type":"if","locations":[{"start":{"line":134,"column":8},"end":{"line":134,"column":8}},{"start":{"line":134,"column":8},"end":{"line":134,"column":8}}]},"11":{"line":139,"type":"if","locations":[{"start":{"line":139,"column":8},"end":{"line":139,"column":8}},{"start":{"line":139,"column":8},"end":{"line":139,"column":8}}]},"12":{"line":149,"type":"if","locations":[{"start":{"line":149,"column":8},"end":{"line":149,"column":8}},{"start":{"line":149,"column":8},"end":{"line":149,"column":8}}]},"13":{"line":155,"type":"if","locations":[{"start":{"line":155,"column":68},"end":{"line":155,"column":68}},{"start":{"line":155,"column":68},"end":{"line":155,"column":68}}]},"14":{"line":160,"type":"if","locations":[{"start":{"line":160,"column":56},"end":{"line":160,"column":56}},{"start":{"line":160,"column":56},"end":{"line":160,"column":56}}]},"15":{"line":161,"type":"if","locations":[{"start":{"line":161,"column":8},"end":{"line":161,"column":8}},{"start":{"line":161,"column":8},"end":{"line":161,"column":8}}]},"16":{"line":175,"type":"if","locations":[{"start":{"line":175,"column":30},"end":{"line":175,"column":30}},{"start":{"line":175,"column":30},"end":{"line":175,"column":30}}]},"17":{"line":183,"type":"if","locations":[{"start":{"line":183,"column":32},"end":{"line":183,"column":32}},{"start":{"line":183,"column":32},"end":{"line":183,"column":32}}]}}},"contracts\\NdaFundPlatformTimelock.sol":{"l":{"57":4,"66":5,"75":5,"84":4},"path":"C:\\Users\\user\\Documents\\New-folder\\NdaFundPlatform-\\packages\\contracts\\contracts\\NdaFundPlatformTimelock.sol","s":{"1":4,"2":5,"3":5,"4":4},"b":{},"f":{"1":1,"2":4,"3":5,"4":5,"5":4},"fnMap":{"1":{"name":"constructor","line":50,"loc":{"start":{"line":45,"column":4},"end":{"line":50,"column":65}}},"2":{"name":"getMinimumDelay","line":56,"loc":{"start":{"line":56,"column":4},"end":{"line":58,"column":4}}},"3":{"name":"isPending","line":65,"loc":{"start":{"line":65,"column":4},"end":{"line":67,"column":4}}},"4":{"name":"isReady","line":74,"loc":{"start":{"line":74,"column":4},"end":{"line":76,"column":4}}},"5":{"name":"isExecuted","line":83,"loc":{"start":{"line":83,"column":4},"end":{"line":85,"column":4}}}},"statementMap":{"1":{"start":{"line":57,"column":8},"end":{"line":57,"column":28}},"2":{"start":{"line":66,"column":8},"end":{"line":66,"column":37}},"3":{"start":{"line":75,"column":8},"end":{"line":75,"column":35}},"4":{"start":{"line":84,"column":8},"end":{"line":84,"column":34}}},"branchMap":{}},"contracts\\NdaFundPlatformToken.sol":{"l":{"189":1,"200":6,"202":5,"203":5,"204":5,"205":5,"206":5,"207":5,"208":5,"211":5,"220":9,"221":8,"228":25,"229":1,"231":24,"238":9,"239":1,"241":8,"253":7,"254":6,"255":5,"264":8,"265":8,"267":7,"268":7,"286":21,"287":20,"288":19,"291":18,"294":18,"301":18,"302":18,"304":18,"323":1,"324":1,"326":1,"328":1,"335":1,"336":1,"338":1,"357":1,"358":1,"360":1,"362":1,"369":1,"370":1,"372":1,"386":8,"387":8,"389":8,"390":11,"391":11,"392":11,"393":11,"395":11,"398":8,"401":7,"403":7,"414":2,"416":2,"418":1,"419":1,"421":1,"423":1,"425":1,"436":17,"438":17,"440":17,"441":17,"443":11,"446":6,"450":17,"451":16,"461":17,"462":17,"464":17,"465":17,"478":1,"491":2,"492":0,"494":2,"503":2,"512":2,"513":2,"515":2,"516":2,"517":2,"531":1,"532":0,"534":1,"543":1,"544":1,"546":1,"547":1,"548":1,"558":1,"559":1,"561":1,"562":1,"563":1,"583":1,"584":1,"586":1,"587":2,"588":2,"589":2,"590":2,"602":2,"603":1,"604":1,"614":2,"615":1,"616":1,"632":7,"633":6,"635":5,"636":5,"638":5,"652":1,"653":1,"656":1,"657":1,"659":1,"667":3,"677":1,"689":6,"690":6,"691":0,"694":6,"695":6,"705":7,"712":1,"737":43},"path":"C:\\Users\\user\\Documents\\New-folder\\NdaFundPlatform-\\packages\\contracts\\contracts\\NdaFundPlatformToken.sol","s":{"1":1,"2":6,"3":5,"4":5,"5":5,"6":5,"7":5,"8":5,"9":5,"10":5,"11":9,"12":25,"13":9,"14":7,"15":6,"16":5,"17":8,"18":8,"19":7,"20":21,"21":20,"22":19,"23":18,"24":18,"25":18,"26":18,"27":1,"28":1,"29":1,"30":1,"31":1,"32":1,"33":1,"34":1,"35":1,"36":1,"37":1,"38":1,"39":8,"40":8,"41":8,"42":11,"43":11,"44":8,"45":7,"46":7,"47":2,"48":2,"49":1,"50":1,"51":1,"52":17,"53":0,"54":17,"55":17,"56":17,"57":17,"58":17,"59":17,"60":17,"61":1,"62":2,"63":2,"64":2,"65":2,"66":2,"67":2,"68":1,"69":1,"70":1,"71":1,"72":1,"73":1,"74":1,"75":1,"76":1,"77":1,"78":2,"79":1,"80":1,"81":2,"82":1,"83":1,"84":7,"85":6,"86":5,"87":1,"88":1,"89":1,"90":3,"91":1,"92":6,"93":6,"94":6,"95":7,"96":1,"97":43},"b":{"1":[6,0],"2":[1,5],"3":[1,8],"4":[1,24],"5":[1,8],"6":[8,1],"7":[7,1],"8":[1,6],"9":[1,5],"10":[8,1],"11":[0,8],"12":[1,7],"13":[22,1],"14":[22,0],"15":[21,1],"16":[1,20],"17":[1,19],"18":[1,18],"19":[1,0],"20":[1,0],"21":[1,0],"22":[0,1],"23":[0,1],"24":[1,0],"25":[1,0],"26":[1,0],"27":[0,1],"28":[0,1],"29":[9,0],"30":[8,1],"31":[11,0],"32":[1,7],"33":[2,0],"34":[2,0],"35":[1,1],"36":[0,1],"37":[0,17],"38":[11,6],"39":[16,1],"40":[17,1],"41":[0,17],"42":[0,17],"43":[0,2],"44":[0,1],"45":[2,1],"46":[1,1],"47":[2,0],"48":[1,1],"49":[7,1],"50":[1,6],"51":[1,5],"52":[1,0],"53":[0,1],"54":[0,1],"55":[6,1],"56":[0,6],"57":[0,6],"58":[7,1],"59":[1,0],"60":[1,1],"61":[43,1]},"f":{"1":1,"2":6,"3":9,"4":25,"5":9,"6":7,"7":8,"8":21,"9":1,"10":1,"11":8,"12":2,"13":17,"14":17,"15":1,"16":2,"17":2,"18":2,"19":1,"20":1,"21":1,"22":1,"23":2,"24":2,"25":7,"26":1,"27":3,"28":1,"29":6,"30":7,"31":1,"32":1,"33":43},"fnMap":{"1":{"name":"constructor","line":188,"loc":{"start":{"line":188,"column":4},"end":{"line":190,"column":4}}},"2":{"name":"initialize","line":199,"loc":{"start":{"line":199,"column":4},"end":{"line":212,"column":4}}},"3":{"name":"onlyMinter","line":219,"loc":{"start":{"line":219,"column":4},"end":{"line":222,"column":4}}},"4":{"name":"onlyAuthorizedVester","line":227,"loc":{"start":{"line":227,"column":4},"end":{"line":232,"column":4}}},"5":{"name":"onlyAuthorizedStakingContract","line":237,"loc":{"start":{"line":237,"column":4},"end":{"line":242,"column":4}}},"6":{"name":"mint","line":252,"loc":{"start":{"line":252,"column":4},"end":{"line":256,"column":4}}},"7":{"name":"setMinter","line":263,"loc":{"start":{"line":263,"column":4},"end":{"line":269,"column":4}}},"8":{"name":"vestTokens","line":285,"loc":{"start":{"line":281,"column":4},"end":{"line":311,"column":4}}},"9":{"name":"vestDonationReward","line":322,"loc":{"start":{"line":319,"column":4},"end":{"line":345,"column":4}}},"10":{"name":"vestEngagementReward","line":356,"loc":{"start":{"line":353,"column":4},"end":{"line":379,"column":4}}},"11":{"name":"claimVestedTokens","line":385,"loc":{"start":{"line":385,"column":4},"end":{"line":404,"column":4}}},"12":{"name":"claimVestedTokensFromSchedule","line":413,"loc":{"start":{"line":411,"column":4},"end":{"line":426,"column":4}}},"13":{"name":"_calculateClaimable","line":433,"loc":{"start":{"line":433,"column":4},"end":{"line":453,"column":4}}},"14":{"name":"setAuthorizedVester","line":460,"loc":{"start":{"line":460,"column":4},"end":{"line":466,"column":4}}},"15":{"name":"getVestingSchedules","line":475,"loc":{"start":{"line":475,"column":4},"end":{"line":479,"column":4}}},"16":{"name":"getVestingSchedule","line":487,"loc":{"start":{"line":487,"column":4},"end":{"line":495,"column":4}}},"17":{"name":"getVestingScheduleCount","line":502,"loc":{"start":{"line":502,"column":4},"end":{"line":504,"column":4}}},"18":{"name":"getClaimableAmount","line":511,"loc":{"start":{"line":511,"column":4},"end":{"line":519,"column":4}}},"19":{"name":"getClaimableAmountFromSchedule","line":527,"loc":{"start":{"line":527,"column":4},"end":{"line":535,"column":4}}},"20":{"name":"getTotalVested","line":542,"loc":{"start":{"line":542,"column":4},"end":{"line":550,"column":4}}},"21":{"name":"getTotalReleased","line":557,"loc":{"start":{"line":557,"column":4},"end":{"line":565,"column":4}}},"22":{"name":"getVestingSummary","line":575,"loc":{"start":{"line":575,"column":4},"end":{"line":592,"column":4}}},"23":{"name":"burn","line":601,"loc":{"start":{"line":601,"column":4},"end":{"line":605,"column":4}}},"24":{"name":"burnFrom","line":613,"loc":{"start":{"line":613,"column":4},"end":{"line":617,"column":4}}},"25":{"name":"notifyStake","line":631,"loc":{"start":{"line":628,"column":4},"end":{"line":639,"column":4}}},"26":{"name":"notifyUnstake","line":651,"loc":{"start":{"line":648,"column":4},"end":{"line":660,"column":4}}},"27":{"name":"totalStaked","line":666,"loc":{"start":{"line":666,"column":4},"end":{"line":668,"column":4}}},"28":{"name":"getGovernanceBalance","line":676,"loc":{"start":{"line":676,"column":4},"end":{"line":678,"column":4}}},"29":{"name":"setAuthorizedStakingContract","line":688,"loc":{"start":{"line":685,"column":4},"end":{"line":696,"column":4}}},"30":{"name":"pause","line":704,"loc":{"start":{"line":704,"column":4},"end":{"line":706,"column":4}}},"31":{"name":"unpause","line":711,"loc":{"start":{"line":711,"column":4},"end":{"line":713,"column":4}}},"32":{"name":"_authorizeUpgrade","line":724,"loc":{"start":{"line":722,"column":4},"end":{"line":724,"column":35}}},"33":{"name":"_update","line":736,"loc":{"start":{"line":732,"column":4},"end":{"line":738,"column":4}}}},"statementMap":{"1":{"start":{"line":189,"column":8},"end":{"line":189,"column":29}},"2":{"start":{"line":200,"column":8},"end":{"line":200,"column":60}},"3":{"start":{"line":202,"column":8},"end":{"line":202,"column":45}},"4":{"start":{"line":203,"column":8},"end":{"line":203,"column":44}},"5":{"start":{"line":204,"column":8},"end":{"line":204,"column":29}},"6":{"start":{"line":205,"column":8},"end":{"line":205,"column":35}},"7":{"start":{"line":206,"column":8},"end":{"line":206,"column":31}},"8":{"start":{"line":207,"column":8},"end":{"line":207,"column":24}},"9":{"start":{"line":208,"column":8},"end":{"line":208,"column":31}},"10":{"start":{"line":211,"column":8},"end":{"line":211,"column":57}},"11":{"start":{"line":220,"column":8},"end":{"line":220,"column":62}},"12":{"start":{"line":228,"column":8},"end":{"line":228,"column":8037}},"13":{"start":{"line":238,"column":8},"end":{"line":238,"column":8317}},"14":{"start":{"line":253,"column":8},"end":{"line":253,"column":50}},"15":{"start":{"line":254,"column":8},"end":{"line":254,"column":47}},"16":{"start":{"line":255,"column":8},"end":{"line":255,"column":24}},"17":{"start":{"line":264,"column":8},"end":{"line":264,"column":54}},"18":{"start":{"line":265,"column":8},"end":{"line":265,"column":74}},"19":{"start":{"line":268,"column":8},"end":{"line":268,"column":59}},"20":{"start":{"line":286,"column":8},"end":{"line":286,"column":57}},"21":{"start":{"line":287,"column":8},"end":{"line":287,"column":47}},"22":{"start":{"line":288,"column":8},"end":{"line":288,"column":65}},"23":{"start":{"line":291,"column":8},"end":{"line":291,"column":35}},"24":{"start":{"line":294,"column":8},"end":{"line":294,"column":10379}},"25":{"start":{"line":301,"column":8},"end":{"line":301,"column":50}},"26":{"start":{"line":304,"column":8},"end":{"line":304,"column":10707}},"27":{"start":{"line":323,"column":8},"end":{"line":323,"column":57}},"28":{"start":{"line":324,"column":8},"end":{"line":324,"column":47}},"29":{"start":{"line":326,"column":8},"end":{"line":326,"column":35}},"30":{"start":{"line":328,"column":8},"end":{"line":328,"column":11497}},"31":{"start":{"line":335,"column":8},"end":{"line":335,"column":50}},"32":{"start":{"line":338,"column":8},"end":{"line":338,"column":11835}},"33":{"start":{"line":357,"column":8},"end":{"line":357,"column":57}},"34":{"start":{"line":358,"column":8},"end":{"line":358,"column":47}},"35":{"start":{"line":360,"column":8},"end":{"line":360,"column":35}},"36":{"start":{"line":362,"column":8},"end":{"line":362,"column":12638}},"37":{"start":{"line":369,"column":8},"end":{"line":369,"column":50}},"38":{"start":{"line":372,"column":8},"end":{"line":372,"column":12978}},"39":{"start":{"line":386,"column":8},"end":{"line":386,"column":75}},"40":{"start":{"line":387,"column":8},"end":{"line":387,"column":50}},"41":{"start":{"line":389,"column":8},"end":{"line":389,"column":13542}},"42":{"start":{"line":390,"column":12},"end":{"line":390,"column":65}},"43":{"start":{"line":391,"column":12},"end":{"line":391,"column":13671}},"44":{"start":{"line":398,"column":8},"end":{"line":398,"column":52}},"45":{"start":{"line":401,"column":8},"end":{"line":401,"column":52}},"46":{"start":{"line":403,"column":8},"end":{"line":403,"column":53}},"47":{"start":{"line":414,"column":8},"end":{"line":414,"column":75}},"48":{"start":{"line":416,"column":8},"end":{"line":416,"column":76}},"49":{"start":{"line":419,"column":8},"end":{"line":419,"column":52}},"50":{"start":{"line":423,"column":8},"end":{"line":423,"column":52}},"51":{"start":{"line":425,"column":8},"end":{"line":425,"column":53}},"52":{"start":{"line":436,"column":8},"end":{"line":436,"column":41}},"53":{"start":{"line":436,"column":33},"end":{"line":436,"column":41}},"54":{"start":{"line":438,"column":8},"end":{"line":438,"column":62}},"55":{"start":{"line":440,"column":8},"end":{"line":440,"column":22}},"56":{"start":{"line":441,"column":8},"end":{"line":441,"column":15350}},"57":{"start":{"line":450,"column":8},"end":{"line":450,"column":15681}},"58":{"start":{"line":461,"column":8},"end":{"line":461,"column":54}},"59":{"start":{"line":462,"column":8},"end":{"line":462,"column":84}},"60":{"start":{"line":465,"column":8},"end":{"line":465,"column":59}},"61":{"start":{"line":478,"column":8},"end":{"line":478,"column":41}},"62":{"start":{"line":491,"column":8},"end":{"line":491,"column":17079}},"63":{"start":{"line":494,"column":8},"end":{"line":494,"column":56}},"64":{"start":{"line":503,"column":8},"end":{"line":503,"column":48}},"65":{"start":{"line":512,"column":8},"end":{"line":512,"column":72}},"66":{"start":{"line":513,"column":8},"end":{"line":513,"column":50}},"67":{"start":{"line":515,"column":8},"end":{"line":515,"column":17998}},"68":{"start":{"line":531,"column":8},"end":{"line":531,"column":18550}},"69":{"start":{"line":534,"column":8},"end":{"line":534,"column":77}},"70":{"start":{"line":543,"column":8},"end":{"line":543,"column":72}},"71":{"start":{"line":544,"column":8},"end":{"line":544,"column":50}},"72":{"start":{"line":546,"column":8},"end":{"line":546,"column":19158}},"73":{"start":{"line":558,"column":8},"end":{"line":558,"column":72}},"74":{"start":{"line":559,"column":8},"end":{"line":559,"column":50}},"75":{"start":{"line":561,"column":8},"end":{"line":561,"column":19705}},"76":{"start":{"line":583,"column":8},"end":{"line":583,"column":72}},"77":{"start":{"line":586,"column":8},"end":{"line":586,"column":20553}},"78":{"start":{"line":602,"column":8},"end":{"line":602,"column":47}},"79":{"start":{"line":603,"column":8},"end":{"line":603,"column":25}},"80":{"start":{"line":604,"column":8},"end":{"line":604,"column":45}},"81":{"start":{"line":614,"column":8},"end":{"line":614,"column":47}},"82":{"start":{"line":615,"column":8},"end":{"line":615,"column":38}},"83":{"start":{"line":616,"column":8},"end":{"line":616,"column":42}},"84":{"start":{"line":632,"column":8},"end":{"line":632,"column":54}},"85":{"start":{"line":633,"column":8},"end":{"line":633,"column":47}},"86":{"start":{"line":638,"column":8},"end":{"line":638,"column":69}},"87":{"start":{"line":652,"column":8},"end":{"line":652,"column":54}},"88":{"start":{"line":653,"column":8},"end":{"line":653,"column":47}},"89":{"start":{"line":659,"column":8},"end":{"line":659,"column":70}},"90":{"start":{"line":667,"column":8},"end":{"line":667,"column":27}},"91":{"start":{"line":677,"column":8},"end":{"line":677,"column":58}},"92":{"start":{"line":689,"column":8},"end":{"line":689,"column":63}},"93":{"start":{"line":690,"column":8},"end":{"line":690,"column":24239}},"94":{"start":{"line":695,"column":8},"end":{"line":695,"column":77}},"95":{"start":{"line":705,"column":8},"end":{"line":705,"column":15}},"96":{"start":{"line":712,"column":8},"end":{"line":712,"column":17}},"97":{"start":{"line":737,"column":8},"end":{"line":737,"column":37}}},"branchMap":{"1":{"line":199,"type":"if","locations":[{"start":{"line":199,"column":55},"end":{"line":199,"column":55}},{"start":{"line":199,"column":55},"end":{"line":199,"column":55}}]},"2":{"line":200,"type":"if","locations":[{"start":{"line":200,"column":8},"end":{"line":200,"column":8}},{"start":{"line":200,"column":8},"end":{"line":200,"column":8}}]},"3":{"line":220,"type":"if","locations":[{"start":{"line":220,"column":8},"end":{"line":220,"column":8}},{"start":{"line":220,"column":8},"end":{"line":220,"column":8}}]},"4":{"line":228,"type":"if","locations":[{"start":{"line":228,"column":8},"end":{"line":228,"column":8}},{"start":{"line":228,"column":8},"end":{"line":228,"column":8}}]},"5":{"line":238,"type":"if","locations":[{"start":{"line":238,"column":8},"end":{"line":238,"column":8}},{"start":{"line":238,"column":8},"end":{"line":238,"column":8}}]},"6":{"line":252,"type":"if","locations":[{"start":{"line":252,"column":55},"end":{"line":252,"column":55}},{"start":{"line":252,"column":55},"end":{"line":252,"column":55}}]},"7":{"line":252,"type":"if","locations":[{"start":{"line":252,"column":66},"end":{"line":252,"column":66}},{"start":{"line":252,"column":66},"end":{"line":252,"column":66}}]},"8":{"line":253,"type":"if","locations":[{"start":{"line":253,"column":8},"end":{"line":253,"column":8}},{"start":{"line":253,"column":8},"end":{"line":253,"column":8}}]},"9":{"line":254,"type":"if","locations":[{"start":{"line":254,"column":8},"end":{"line":254,"column":8}},{"start":{"line":254,"column":8},"end":{"line":254,"column":8}}]},"10":{"line":263,"type":"if","locations":[{"start":{"line":263,"column":65},"end":{"line":263,"column":65}},{"start":{"line":263,"column":65},"end":{"line":263,"column":65}}]},"11":{"line":264,"type":"if","locations":[{"start":{"line":264,"column":8},"end":{"line":264,"column":8}},{"start":{"line":264,"column":8},"end":{"line":264,"column":8}}]},"12":{"line":265,"type":"if","locations":[{"start":{"line":265,"column":8},"end":{"line":265,"column":8}},{"start":{"line":265,"column":8},"end":{"line":265,"column":8}}]},"13":{"line":285,"type":"if","locations":[{"start":{"line":285,"column":15},"end":{"line":285,"column":15}},{"start":{"line":285,"column":15},"end":{"line":285,"column":15}}]},"14":{"line":285,"type":"if","locations":[{"start":{"line":285,"column":36},"end":{"line":285,"column":36}},{"start":{"line":285,"column":36},"end":{"line":285,"column":36}}]},"15":{"line":285,"type":"if","locations":[{"start":{"line":285,"column":49},"end":{"line":285,"column":49}},{"start":{"line":285,"column":49},"end":{"line":285,"column":49}}]},"16":{"line":286,"type":"if","locations":[{"start":{"line":286,"column":8},"end":{"line":286,"column":8}},{"start":{"line":286,"column":8},"end":{"line":286,"column":8}}]},"17":{"line":287,"type":"if","locations":[{"start":{"line":287,"column":8},"end":{"line":287,"column":8}},{"start":{"line":287,"column":8},"end":{"line":287,"column":8}}]},"18":{"line":288,"type":"if","locations":[{"start":{"line":288,"column":8},"end":{"line":288,"column":8}},{"start":{"line":288,"column":8},"end":{"line":288,"column":8}}]},"19":{"line":322,"type":"if","locations":[{"start":{"line":322,"column":15},"end":{"line":322,"column":15}},{"start":{"line":322,"column":15},"end":{"line":322,"column":15}}]},"20":{"line":322,"type":"if","locations":[{"start":{"line":322,"column":36},"end":{"line":322,"column":36}},{"start":{"line":322,"column":36},"end":{"line":322,"column":36}}]},"21":{"line":322,"type":"if","locations":[{"start":{"line":322,"column":49},"end":{"line":322,"column":49}},{"start":{"line":322,"column":49},"end":{"line":322,"column":49}}]},"22":{"line":323,"type":"if","locations":[{"start":{"line":323,"column":8},"end":{"line":323,"column":8}},{"start":{"line":323,"column":8},"end":{"line":323,"column":8}}]},"23":{"line":324,"type":"if","locations":[{"start":{"line":324,"column":8},"end":{"line":324,"column":8}},{"start":{"line":324,"column":8},"end":{"line":324,"column":8}}]},"24":{"line":356,"type":"if","locations":[{"start":{"line":356,"column":15},"end":{"line":356,"column":15}},{"start":{"line":356,"column":15},"end":{"line":356,"column":15}}]},"25":{"line":356,"type":"if","locations":[{"start":{"line":356,"column":36},"end":{"line":356,"column":36}},{"start":{"line":356,"column":36},"end":{"line":356,"column":36}}]},"26":{"line":356,"type":"if","locations":[{"start":{"line":356,"column":49},"end":{"line":356,"column":49}},{"start":{"line":356,"column":49},"end":{"line":356,"column":49}}]},"27":{"line":357,"type":"if","locations":[{"start":{"line":357,"column":8},"end":{"line":357,"column":8}},{"start":{"line":357,"column":8},"end":{"line":357,"column":8}}]},"28":{"line":358,"type":"if","locations":[{"start":{"line":358,"column":8},"end":{"line":358,"column":8}},{"start":{"line":358,"column":8},"end":{"line":358,"column":8}}]},"29":{"line":385,"type":"if","locations":[{"start":{"line":385,"column":42},"end":{"line":385,"column":42}},{"start":{"line":385,"column":42},"end":{"line":385,"column":42}}]},"30":{"line":385,"type":"if","locations":[{"start":{"line":385,"column":55},"end":{"line":385,"column":55}},{"start":{"line":385,"column":55},"end":{"line":385,"column":55}}]},"31":{"line":391,"type":"if","locations":[{"start":{"line":391,"column":12},"end":{"line":391,"column":12}},{"start":{"line":391,"column":12},"end":{"line":391,"column":12}}]},"32":{"line":398,"type":"if","locations":[{"start":{"line":398,"column":8},"end":{"line":398,"column":8}},{"start":{"line":398,"column":8},"end":{"line":398,"column":8}}]},"33":{"line":413,"type":"if","locations":[{"start":{"line":413,"column":15},"end":{"line":413,"column":15}},{"start":{"line":413,"column":15},"end":{"line":413,"column":15}}]},"34":{"line":413,"type":"if","locations":[{"start":{"line":413,"column":28},"end":{"line":413,"column":28}},{"start":{"line":413,"column":28},"end":{"line":413,"column":28}}]},"35":{"line":416,"type":"if","locations":[{"start":{"line":416,"column":8},"end":{"line":416,"column":8}},{"start":{"line":416,"column":8},"end":{"line":416,"column":8}}]},"36":{"line":419,"type":"if","locations":[{"start":{"line":419,"column":8},"end":{"line":419,"column":8}},{"start":{"line":419,"column":8},"end":{"line":419,"column":8}}]},"37":{"line":436,"type":"if","locations":[{"start":{"line":436,"column":8},"end":{"line":436,"column":8}},{"start":{"line":436,"column":8},"end":{"line":436,"column":8}}]},"38":{"line":441,"type":"if","locations":[{"start":{"line":441,"column":8},"end":{"line":441,"column":8}},{"start":{"line":441,"column":8},"end":{"line":441,"column":8}}]},"39":{"line":450,"type":"if","locations":[{"start":{"line":450,"column":8},"end":{"line":450,"column":8}},{"start":{"line":450,"column":8},"end":{"line":450,"column":8}}]},"40":{"line":460,"type":"if","locations":[{"start":{"line":460,"column":75},"end":{"line":460,"column":75}},{"start":{"line":460,"column":75},"end":{"line":460,"column":75}}]},"41":{"line":461,"type":"if","locations":[{"start":{"line":461,"column":8},"end":{"line":461,"column":8}},{"start":{"line":461,"column":8},"end":{"line":461,"column":8}}]},"42":{"line":462,"type":"if","locations":[{"start":{"line":462,"column":8},"end":{"line":462,"column":8}},{"start":{"line":462,"column":8},"end":{"line":462,"column":8}}]},"43":{"line":491,"type":"if","locations":[{"start":{"line":491,"column":8},"end":{"line":491,"column":8}},{"start":{"line":491,"column":8},"end":{"line":491,"column":8}}]},"44":{"line":531,"type":"if","locations":[{"start":{"line":531,"column":8},"end":{"line":531,"column":8}},{"start":{"line":531,"column":8},"end":{"line":531,"column":8}}]},"45":{"line":601,"type":"if","locations":[{"start":{"line":601,"column":50},"end":{"line":601,"column":50}},{"start":{"line":601,"column":50},"end":{"line":601,"column":50}}]},"46":{"line":602,"type":"if","locations":[{"start":{"line":602,"column":8},"end":{"line":602,"column":8}},{"start":{"line":602,"column":8},"end":{"line":602,"column":8}}]},"47":{"line":613,"type":"if","locations":[{"start":{"line":613,"column":71},"end":{"line":613,"column":71}},{"start":{"line":613,"column":71},"end":{"line":613,"column":71}}]},"48":{"line":614,"type":"if","locations":[{"start":{"line":614,"column":8},"end":{"line":614,"column":8}},{"start":{"line":614,"column":8},"end":{"line":614,"column":8}}]},"49":{"line":631,"type":"if","locations":[{"start":{"line":631,"column":15},"end":{"line":631,"column":15}},{"start":{"line":631,"column":15},"end":{"line":631,"column":15}}]},"50":{"line":632,"type":"if","locations":[{"start":{"line":632,"column":8},"end":{"line":632,"column":8}},{"start":{"line":632,"column":8},"end":{"line":632,"column":8}}]},"51":{"line":633,"type":"if","locations":[{"start":{"line":633,"column":8},"end":{"line":633,"column":8}},{"start":{"line":633,"column":8},"end":{"line":633,"column":8}}]},"52":{"line":651,"type":"if","locations":[{"start":{"line":651,"column":15},"end":{"line":651,"column":15}},{"start":{"line":651,"column":15},"end":{"line":651,"column":15}}]},"53":{"line":652,"type":"if","locations":[{"start":{"line":652,"column":8},"end":{"line":652,"column":8}},{"start":{"line":652,"column":8},"end":{"line":652,"column":8}}]},"54":{"line":653,"type":"if","locations":[{"start":{"line":653,"column":8},"end":{"line":653,"column":8}},{"start":{"line":653,"column":8},"end":{"line":653,"column":8}}]},"55":{"line":688,"type":"if","locations":[{"start":{"line":688,"column":15},"end":{"line":688,"column":15}},{"start":{"line":688,"column":15},"end":{"line":688,"column":15}}]},"56":{"line":689,"type":"if","locations":[{"start":{"line":689,"column":8},"end":{"line":689,"column":8}},{"start":{"line":689,"column":8},"end":{"line":689,"column":8}}]},"57":{"line":690,"type":"if","locations":[{"start":{"line":690,"column":8},"end":{"line":690,"column":8}},{"start":{"line":690,"column":8},"end":{"line":690,"column":8}}]},"58":{"line":704,"type":"if","locations":[{"start":{"line":704,"column":30},"end":{"line":704,"column":30}},{"start":{"line":704,"column":30},"end":{"line":704,"column":30}}]},"59":{"line":711,"type":"if","locations":[{"start":{"line":711,"column":32},"end":{"line":711,"column":32}},{"start":{"line":711,"column":32},"end":{"line":711,"column":32}}]},"60":{"line":724,"type":"if","locations":[{"start":{"line":724,"column":24},"end":{"line":724,"column":24}},{"start":{"line":724,"column":24},"end":{"line":724,"column":24}}]},"61":{"line":736,"type":"if","locations":[{"start":{"line":736,"column":24},"end":{"line":736,"column":24}},{"start":{"line":736,"column":24},"end":{"line":736,"column":24}}]}}},"contracts\\Fundraiser.sol":{"l":{"112":4,"131":40,"132":40,"133":40,"134":40,"137":40,"138":40,"139":40,"140":40,"141":40,"142":40,"143":40,"144":40,"145":40,"146":40,"147":40,"148":40,"152":40,"161":63,"162":63,"166":5,"167":5,"171":63,"172":63,"187":63,"188":63,"190":62,"191":62,"195":22,"204":62,"211":62,"219":62,"220":62,"222":62,"223":62,"224":62,"227":62,"228":57,"229":57,"231":62,"234":62,"244":3,"245":3,"256":3,"260":5,"261":5,"262":5,"263":5,"265":4,"266":4,"268":4,"269":3,"271":1,"274":4,"275":4,"279":1,"280":1,"281":1,"282":1,"284":1,"285":1,"289":0,"290":0,"291":0,"293":0,"305":0,"306":0,"315":0,"319":0,"320":0,"321":0,"323":0,"329":0,"333":0,"342":0,"343":0,"344":0,"345":0,"346":0,"348":0,"349":0,"350":0,"351":0,"352":0,"353":0,"355":0,"364":0,"365":0,"366":0,"367":0,"368":0,"370":0,"371":0,"372":0,"373":0,"374":0,"375":0,"377":0,"381":0,"385":2,"395":0,"407":0,"408":0,"412":0,"413":0,"417":0,"421":0,"425":4,"426":3,"427":3,"428":3,"429":3,"439":23,"440":22,"441":20,"443":19,"444":19,"452":18,"453":17,"455":14,"456":14,"459":14,"460":14,"461":14,"462":14,"466":14,"468":14,"477":7,"478":6,"488":1,"502":0,"510":2,"528":0,"545":0},"path":"C:\\Users\\user\\Documents\\New-folder\\NdaFundPlatform-\\packages\\contracts\\contracts\\Fundraiser.sol","s":{"1":4,"2":40,"3":40,"4":40,"5":40,"6":40,"7":63,"8":5,"9":63,"10":63,"11":63,"12":62,"13":62,"14":22,"15":62,"16":62,"17":62,"18":62,"19":62,"20":3,"21":5,"22":5,"23":5,"24":5,"25":4,"26":4,"27":4,"28":4,"29":1,"30":1,"31":1,"32":1,"33":1,"34":0,"35":0,"36":0,"37":0,"38":0,"39":0,"40":0,"41":0,"42":0,"43":0,"44":0,"45":0,"46":0,"47":0,"48":0,"49":0,"50":0,"51":0,"52":2,"53":0,"54":0,"55":0,"56":0,"57":0,"58":4,"59":3,"60":3,"61":3,"62":3,"63":23,"64":22,"65":20,"66":19,"67":18,"68":17,"69":14,"70":14,"71":14,"72":14,"73":14,"74":7,"75":1,"76":6,"77":1,"78":0,"79":2,"80":0,"81":0},"b":{"1":[40,0],"2":[63,0],"3":[5,0],"4":[63,0],"5":[63,0],"6":[63,0],"7":[63,0],"8":[63,0],"9":[63,0],"10":[62,1],"11":[57,5],"12":[3,0],"13":[5,0],"14":[5,0],"15":[5,0],"16":[4,1],"17":[4,0],"18":[3,1],"19":[1,0],"20":[1,0],"21":[1,0],"22":[1,0],"23":[0,0],"24":[0,0],"25":[0,0],"26":[0,0],"27":[0,0],"28":[0,0],"29":[0,0],"30":[4,0],"31":[4,0],"32":[3,1],"33":[3,0],"34":[22,1],"35":[20,2],"36":[19,1],"37":[18,0],"38":[17,1],"39":[14,3],"40":[14,0],"41":[14,0],"42":[1,6],"43":[1,0],"44":[0,0],"45":[0,0]},"f":{"1":4,"2":40,"3":63,"4":5,"5":63,"6":63,"7":22,"8":62,"9":3,"10":5,"11":1,"12":0,"13":0,"14":0,"15":0,"16":0,"17":0,"18":0,"19":0,"20":2,"21":0,"22":0,"23":0,"24":0,"25":0,"26":4,"27":23,"28":18,"29":7,"30":1,"31":0,"32":2,"33":0,"34":0,"35":0},"fnMap":{"1":{"name":"constructor","line":111,"loc":{"start":{"line":111,"column":4},"end":{"line":113,"column":4}}},"2":{"name":"initialize","line":130,"loc":{"start":{"line":116,"column":4},"end":{"line":157,"column":4}}},"3":{"name":"onlyFactory","line":160,"loc":{"start":{"line":160,"column":4},"end":{"line":163,"column":4}}},"4":{"name":"onlyDonor","line":165,"loc":{"start":{"line":165,"column":4},"end":{"line":168,"column":4}}},"5":{"name":"beforeDeadline","line":170,"loc":{"start":{"line":170,"column":4},"end":{"line":173,"column":4}}},"6":{"name":"creditDonation","line":185,"loc":{"start":{"line":181,"column":4},"end":{"line":192,"column":4}}},"7":{"name":"goalReached","line":194,"loc":{"start":{"line":194,"column":4},"end":{"line":196,"column":4}}},"8":{"name":"_recordDonation","line":198,"loc":{"start":{"line":198,"column":4},"end":{"line":235,"column":4}}},"9":{"name":"createProposal","line":243,"loc":{"start":{"line":239,"column":4},"end":{"line":257,"column":4}}},"10":{"name":"vote","line":259,"loc":{"start":{"line":259,"column":4},"end":{"line":276,"column":4}}},"11":{"name":"executeProposal","line":278,"loc":{"start":{"line":278,"column":4},"end":{"line":286,"column":4}}},"12":{"name":"getProposals","line":288,"loc":{"start":{"line":288,"column":4},"end":{"line":294,"column":4}}},"13":{"name":"createMediaArchive","line":304,"loc":{"start":{"line":298,"column":4},"end":{"line":316,"column":4}}},"14":{"name":"getMediaArchive","line":318,"loc":{"start":{"line":318,"column":4},"end":{"line":324,"column":4}}},"15":{"name":"myDonationsCount","line":328,"loc":{"start":{"line":328,"column":4},"end":{"line":330,"column":4}}},"16":{"name":"allDonationsCount","line":332,"loc":{"start":{"line":332,"column":4},"end":{"line":334,"column":4}}},"17":{"name":"myDonations","line":336,"loc":{"start":{"line":336,"column":4},"end":{"line":356,"column":4}}},"18":{"name":"allDonations","line":358,"loc":{"start":{"line":358,"column":4},"end":{"line":378,"column":4}}},"19":{"name":"getImageUrls","line":380,"loc":{"start":{"line":380,"column":4},"end":{"line":382,"column":4}}},"20":{"name":"getCategories","line":384,"loc":{"start":{"line":384,"column":4},"end":{"line":386,"column":4}}},"21":{"name":"getFundraiserStats","line":388,"loc":{"start":{"line":388,"column":4},"end":{"line":402,"column":4}}},"22":{"name":"setBeneficiary","line":406,"loc":{"start":{"line":406,"column":4},"end":{"line":409,"column":4}}},"23":{"name":"extendDeadline","line":411,"loc":{"start":{"line":411,"column":4},"end":{"line":414,"column":4}}},"24":{"name":"pause","line":416,"loc":{"start":{"line":416,"column":4},"end":{"line":418,"column":4}}},"25":{"name":"unpause","line":420,"loc":{"start":{"line":420,"column":4},"end":{"line":422,"column":4}}},"26":{"name":"withdrawUSDT","line":424,"loc":{"start":{"line":424,"column":4},"end":{"line":430,"column":4}}},"27":{"name":"enableRefunds","line":438,"loc":{"start":{"line":438,"column":4},"end":{"line":445,"column":4}}},"28":{"name":"claimRefund","line":451,"loc":{"start":{"line":451,"column":4},"end":{"line":469,"column":4}}},"29":{"name":"getRefundAmount","line":476,"loc":{"start":{"line":476,"column":4},"end":{"line":479,"column":4}}},"30":{"name":"resetCircuitBreaker","line":487,"loc":{"start":{"line":487,"column":4},"end":{"line":489,"column":4}}},"31":{"name":"updateCircuitBreakerLimits","line":501,"loc":{"start":{"line":497,"column":4},"end":{"line":503,"column":4}}},"32":{"name":"isCircuitBreakerTriggered","line":509,"loc":{"start":{"line":509,"column":4},"end":{"line":511,"column":4}}},"33":{"name":"getCircuitBreakerStatus","line":519,"loc":{"start":{"line":519,"column":4},"end":{"line":533,"column":4}}},"34":{"name":"_authorizeUpgrade","line":542,"loc":{"start":{"line":542,"column":4},"end":{"line":542,"column":87}}},"35":{"name":"version","line":544,"loc":{"start":{"line":544,"column":4},"end":{"line":546,"column":4}}}},"statementMap":{"1":{"start":{"line":112,"column":8},"end":{"line":112,"column":29}},"2":{"start":{"line":131,"column":8},"end":{"line":131,"column":31}},"3":{"start":{"line":132,"column":8},"end":{"line":132,"column":31}},"4":{"start":{"line":133,"column":8},"end":{"line":133,"column":24}},"5":{"start":{"line":134,"column":8},"end":{"line":134,"column":31}},"6":{"start":{"line":152,"column":8},"end":{"line":152,"column":5032}},"7":{"start":{"line":161,"column":8},"end":{"line":161,"column":85}},"8":{"start":{"line":166,"column":8},"end":{"line":166,"column":74}},"9":{"start":{"line":171,"column":8},"end":{"line":171,"column":66}},"10":{"start":{"line":187,"column":8},"end":{"line":187,"column":74}},"11":{"start":{"line":188,"column":8},"end":{"line":188,"column":97}},"12":{"start":{"line":190,"column":8},"end":{"line":190,"column":65}},"13":{"start":{"line":191,"column":8},"end":{"line":191,"column":57}},"14":{"start":{"line":195,"column":8},"end":{"line":195,"column":37}},"15":{"start":{"line":204,"column":8},"end":{"line":204,"column":6698}},"16":{"start":{"line":211,"column":8},"end":{"line":211,"column":6888}},"17":{"start":{"line":219,"column":8},"end":{"line":219,"column":39}},"18":{"start":{"line":220,"column":8},"end":{"line":220,"column":42}},"19":{"start":{"line":227,"column":8},"end":{"line":227,"column":7350}},"20":{"start":{"line":256,"column":8},"end":{"line":256,"column":67}},"21":{"start":{"line":260,"column":8},"end":{"line":260,"column":50}},"22":{"start":{"line":261,"column":8},"end":{"line":261,"column":58}},"23":{"start":{"line":262,"column":8},"end":{"line":262,"column":63}},"24":{"start":{"line":263,"column":8},"end":{"line":263,"column":59}},"25":{"start":{"line":265,"column":8},"end":{"line":265,"column":58}},"26":{"start":{"line":266,"column":8},"end":{"line":266,"column":50}},"27":{"start":{"line":268,"column":8},"end":{"line":268,"column":8691}},"28":{"start":{"line":275,"column":8},"end":{"line":275,"column":44}},"29":{"start":{"line":279,"column":8},"end":{"line":279,"column":50}},"30":{"start":{"line":280,"column":8},"end":{"line":280,"column":58}},"31":{"start":{"line":281,"column":8},"end":{"line":281,"column":54}},"32":{"start":{"line":282,"column":8},"end":{"line":282,"column":78}},"33":{"start":{"line":285,"column":8},"end":{"line":285,"column":34}},"34":{"start":{"line":289,"column":8},"end":{"line":289,"column":70}},"35":{"start":{"line":290,"column":8},"end":{"line":290,"column":9487}},"36":{"start":{"line":293,"column":8},"end":{"line":293,"column":27}},"37":{"start":{"line":315,"column":8},"end":{"line":315,"column":76}},"38":{"start":{"line":319,"column":8},"end":{"line":319,"column":86}},"39":{"start":{"line":320,"column":8},"end":{"line":320,"column":10526}},"40":{"start":{"line":323,"column":8},"end":{"line":323,"column":31}},"41":{"start":{"line":329,"column":8},"end":{"line":329,"column":44}},"42":{"start":{"line":333,"column":8},"end":{"line":333,"column":39}},"43":{"start":{"line":342,"column":8},"end":{"line":342,"column":53}},"44":{"start":{"line":348,"column":8},"end":{"line":348,"column":11395}},"45":{"start":{"line":349,"column":12},"end":{"line":349,"column":65}},"46":{"start":{"line":355,"column":8},"end":{"line":355,"column":52}},"47":{"start":{"line":364,"column":8},"end":{"line":364,"column":48}},"48":{"start":{"line":370,"column":8},"end":{"line":370,"column":12167}},"49":{"start":{"line":371,"column":12},"end":{"line":371,"column":63}},"50":{"start":{"line":377,"column":8},"end":{"line":377,"column":46}},"51":{"start":{"line":381,"column":8},"end":{"line":381,"column":21}},"52":{"start":{"line":385,"column":8},"end":{"line":385,"column":25}},"53":{"start":{"line":395,"column":8},"end":{"line":395,"column":12942}},"54":{"start":{"line":407,"column":8},"end":{"line":407,"column":61}},"55":{"start":{"line":412,"column":8},"end":{"line":412,"column":68}},"56":{"start":{"line":417,"column":8},"end":{"line":417,"column":15}},"57":{"start":{"line":421,"column":8},"end":{"line":421,"column":17}},"58":{"start":{"line":425,"column":8},"end":{"line":425,"column":71}},"59":{"start":{"line":426,"column":8},"end":{"line":426,"column":55}},"60":{"start":{"line":427,"column":8},"end":{"line":427,"column":51}},"61":{"start":{"line":428,"column":8},"end":{"line":428,"column":46}},"62":{"start":{"line":429,"column":8},"end":{"line":429,"column":45}},"63":{"start":{"line":439,"column":8},"end":{"line":439,"column":66}},"64":{"start":{"line":440,"column":8},"end":{"line":440,"column":50}},"65":{"start":{"line":441,"column":8},"end":{"line":441,"column":58}},"66":{"start":{"line":444,"column":8},"end":{"line":444,"column":44}},"67":{"start":{"line":452,"column":8},"end":{"line":452,"column":53}},"68":{"start":{"line":453,"column":8},"end":{"line":453,"column":72}},"69":{"start":{"line":455,"column":8},"end":{"line":455,"column":57}},"70":{"start":{"line":459,"column":8},"end":{"line":459,"column":15018}},"71":{"start":{"line":461,"column":12},"end":{"line":461,"column":15104}},"72":{"start":{"line":466,"column":8},"end":{"line":466,"column":50}},"73":{"start":{"line":468,"column":8},"end":{"line":468,"column":52}},"74":{"start":{"line":477,"column":8},"end":{"line":477,"column":37}},"75":{"start":{"line":477,"column":29},"end":{"line":477,"column":37}},"76":{"start":{"line":478,"column":8},"end":{"line":478,"column":36}},"77":{"start":{"line":488,"column":8},"end":{"line":488,"column":29}},"78":{"start":{"line":502,"column":8},"end":{"line":502,"column":71}},"79":{"start":{"line":510,"column":8},"end":{"line":510,"column":43}},"80":{"start":{"line":528,"column":8},"end":{"line":528,"column":17092}},"81":{"start":{"line":545,"column":8},"end":{"line":545,"column":22}}},"branchMap":{"1":{"line":130,"type":"if","locations":[{"start":{"line":130,"column":15},"end":{"line":130,"column":15}},{"start":{"line":130,"column":15},"end":{"line":130,"column":15}}]},"2":{"line":161,"type":"if","locations":[{"start":{"line":161,"column":8},"end":{"line":161,"column":8}},{"start":{"line":161,"column":8},"end":{"line":161,"column":8}}]},"3":{"line":166,"type":"if","locations":[{"start":{"line":166,"column":8},"end":{"line":166,"column":8}},{"start":{"line":166,"column":8},"end":{"line":166,"column":8}}]},"4":{"line":171,"type":"if","locations":[{"start":{"line":171,"column":8},"end":{"line":171,"column":8}},{"start":{"line":171,"column":8},"end":{"line":171,"column":8}}]},"5":{"line":185,"type":"if","locations":[{"start":{"line":185,"column":15},"end":{"line":185,"column":15}},{"start":{"line":185,"column":15},"end":{"line":185,"column":15}}]},"6":{"line":185,"type":"if","locations":[{"start":{"line":185,"column":28},"end":{"line":185,"column":28}},{"start":{"line":185,"column":28},"end":{"line":185,"column":28}}]},"7":{"line":185,"type":"if","locations":[{"start":{"line":185,"column":42},"end":{"line":185,"column":42}},{"start":{"line":185,"column":42},"end":{"line":185,"column":42}}]},"8":{"line":185,"type":"if","locations":[{"start":{"line":185,"column":54},"end":{"line":185,"column":54}},{"start":{"line":185,"column":54},"end":{"line":185,"column":54}}]},"9":{"line":187,"type":"if","locations":[{"start":{"line":187,"column":8},"end":{"line":187,"column":8}},{"start":{"line":187,"column":8},"end":{"line":187,"column":8}}]},"10":{"line":188,"type":"if","locations":[{"start":{"line":188,"column":8},"end":{"line":188,"column":8}},{"start":{"line":188,"column":8},"end":{"line":188,"column":8}}]},"11":{"line":227,"type":"if","locations":[{"start":{"line":227,"column":8},"end":{"line":227,"column":8}},{"start":{"line":227,"column":8},"end":{"line":227,"column":8}}]},"12":{"line":243,"type":"if","locations":[{"start":{"line":243,"column":15},"end":{"line":243,"column":15}},{"start":{"line":243,"column":15},"end":{"line":243,"column":15}}]},"13":{"line":259,"type":"if","locations":[{"start":{"line":259,"column":54},"end":{"line":259,"column":54}},{"start":{"line":259,"column":54},"end":{"line":259,"column":54}}]},"14":{"line":261,"type":"if","locations":[{"start":{"line":261,"column":8},"end":{"line":261,"column":8}},{"start":{"line":261,"column":8},"end":{"line":261,"column":8}}]},"15":{"line":262,"type":"if","locations":[{"start":{"line":262,"column":8},"end":{"line":262,"column":8}},{"start":{"line":262,"column":8},"end":{"line":262,"column":8}}]},"16":{"line":263,"type":"if","locations":[{"start":{"line":263,"column":8},"end":{"line":263,"column":8}},{"start":{"line":263,"column":8},"end":{"line":263,"column":8}}]},"17":{"line":266,"type":"if","locations":[{"start":{"line":266,"column":8},"end":{"line":266,"column":8}},{"start":{"line":266,"column":8},"end":{"line":266,"column":8}}]},"18":{"line":268,"type":"if","locations":[{"start":{"line":268,"column":8},"end":{"line":268,"column":8}},{"start":{"line":268,"column":8},"end":{"line":268,"column":8}}]},"19":{"line":278,"type":"if","locations":[{"start":{"line":278,"column":51},"end":{"line":278,"column":51}},{"start":{"line":278,"column":51},"end":{"line":278,"column":51}}]},"20":{"line":280,"type":"if","locations":[{"start":{"line":280,"column":8},"end":{"line":280,"column":8}},{"start":{"line":280,"column":8},"end":{"line":280,"column":8}}]},"21":{"line":281,"type":"if","locations":[{"start":{"line":281,"column":8},"end":{"line":281,"column":8}},{"start":{"line":281,"column":8},"end":{"line":281,"column":8}}]},"22":{"line":282,"type":"if","locations":[{"start":{"line":282,"column":8},"end":{"line":282,"column":8}},{"start":{"line":282,"column":8},"end":{"line":282,"column":8}}]},"23":{"line":304,"type":"if","locations":[{"start":{"line":304,"column":15},"end":{"line":304,"column":15}},{"start":{"line":304,"column":15},"end":{"line":304,"column":15}}]},"24":{"line":406,"type":"if","locations":[{"start":{"line":406,"column":67},"end":{"line":406,"column":67}},{"start":{"line":406,"column":67},"end":{"line":406,"column":67}}]},"25":{"line":407,"type":"if","locations":[{"start":{"line":407,"column":8},"end":{"line":407,"column":8}},{"start":{"line":407,"column":8},"end":{"line":407,"column":8}}]},"26":{"line":411,"type":"if","locations":[{"start":{"line":411,"column":58},"end":{"line":411,"column":58}},{"start":{"line":411,"column":58},"end":{"line":411,"column":58}}]},"27":{"line":412,"type":"if","locations":[{"start":{"line":412,"column":8},"end":{"line":412,"column":8}},{"start":{"line":412,"column":8},"end":{"line":412,"column":8}}]},"28":{"line":416,"type":"if","locations":[{"start":{"line":416,"column":30},"end":{"line":416,"column":30}},{"start":{"line":416,"column":30},"end":{"line":416,"column":30}}]},"29":{"line":420,"type":"if","locations":[{"start":{"line":420,"column":32},"end":{"line":420,"column":32}},{"start":{"line":420,"column":32},"end":{"line":420,"column":32}}]},"30":{"line":424,"type":"if","locations":[{"start":{"line":424,"column":37},"end":{"line":424,"column":37}},{"start":{"line":424,"column":37},"end":{"line":424,"column":37}}]},"31":{"line":424,"type":"if","locations":[{"start":{"line":424,"column":47},"end":{"line":424,"column":47}},{"start":{"line":424,"column":47},"end":{"line":424,"column":47}}]},"32":{"line":425,"type":"if","locations":[{"start":{"line":425,"column":8},"end":{"line":425,"column":8}},{"start":{"line":425,"column":8},"end":{"line":425,"column":8}}]},"33":{"line":427,"type":"if","locations":[{"start":{"line":427,"column":8},"end":{"line":427,"column":8}},{"start":{"line":427,"column":8},"end":{"line":427,"column":8}}]},"34":{"line":439,"type":"if","locations":[{"start":{"line":439,"column":8},"end":{"line":439,"column":8}},{"start":{"line":439,"column":8},"end":{"line":439,"column":8}}]},"35":{"line":440,"type":"if","locations":[{"start":{"line":440,"column":8},"end":{"line":440,"column":8}},{"start":{"line":440,"column":8},"end":{"line":440,"column":8}}]},"36":{"line":441,"type":"if","locations":[{"start":{"line":441,"column":8},"end":{"line":441,"column":8}},{"start":{"line":441,"column":8},"end":{"line":441,"column":8}}]},"37":{"line":451,"type":"if","locations":[{"start":{"line":451,"column":36},"end":{"line":451,"column":36}},{"start":{"line":451,"column":36},"end":{"line":451,"column":36}}]},"38":{"line":452,"type":"if","locations":[{"start":{"line":452,"column":8},"end":{"line":452,"column":8}},{"start":{"line":452,"column":8},"end":{"line":452,"column":8}}]},"39":{"line":453,"type":"if","locations":[{"start":{"line":453,"column":8},"end":{"line":453,"column":8}},{"start":{"line":453,"column":8},"end":{"line":453,"column":8}}]},"40":{"line":459,"type":"if","locations":[{"start":{"line":459,"column":8},"end":{"line":459,"column":8}},{"start":{"line":459,"column":8},"end":{"line":459,"column":8}}]},"41":{"line":461,"type":"if","locations":[{"start":{"line":461,"column":12},"end":{"line":461,"column":12}},{"start":{"line":461,"column":12},"end":{"line":461,"column":12}}]},"42":{"line":477,"type":"if","locations":[{"start":{"line":477,"column":8},"end":{"line":477,"column":8}},{"start":{"line":477,"column":8},"end":{"line":477,"column":8}}]},"43":{"line":487,"type":"if","locations":[{"start":{"line":487,"column":44},"end":{"line":487,"column":44}},{"start":{"line":487,"column":44},"end":{"line":487,"column":44}}]},"44":{"line":501,"type":"if","locations":[{"start":{"line":501,"column":15},"end":{"line":501,"column":15}},{"start":{"line":501,"column":15},"end":{"line":501,"column":15}}]},"45":{"line":542,"type":"if","locations":[{"start":{"line":542,"column":76},"end":{"line":542,"column":76}},{"start":{"line":542,"column":76},"end":{"line":542,"column":76}}]}}},"contracts\\FundraiserFactory.sol":{"l":{"153":2,"154":2,"156":2,"157":2,"159":2,"160":2,"161":2,"162":2,"164":2,"165":2,"166":2,"167":2,"169":2,"170":2,"172":2,"177":2,"178":2,"179":2,"180":2,"181":2,"182":2,"183":2,"184":2,"190":3,"191":2,"201":2,"202":2,"210":0,"211":0,"212":0,"220":0,"221":0,"222":0,"230":0,"231":0,"232":0,"240":0,"241":0,"242":0,"269":36,"271":33,"290":1,"291":1,"292":1,"294":1,"310":34,"311":34,"313":34,"317":34,"322":34,"323":34,"324":34,"326":34,"327":34,"328":34,"330":34,"331":34,"332":34,"335":34,"336":34,"338":34,"339":34,"353":36,"376":34,"380":34,"381":33,"382":33,"383":33,"394":33,"396":1,"397":1,"407":0,"418":0,"419":0,"420":0,"421":0,"422":0,"423":0,"433":7,"434":7,"435":7,"436":7,"437":7,"438":7,"443":8,"444":8,"446":0,"457":0,"458":0,"459":0,"460":0,"461":0,"462":0,"472":11,"473":10,"474":10,"475":10,"476":10,"477":10,"478":10,"479":10,"494":0,"495":0,"496":0,"498":0,"500":0,"501":0,"503":0,"510":0,"511":0,"513":0,"527":0,"528":0,"529":0,"531":0,"533":0,"534":0,"536":0,"537":0,"544":0,"545":0,"547":0,"560":0,"561":0,"562":0,"564":0,"565":0,"567":0,"568":0,"575":0,"576":0,"578":0,"590":0,"598":0,"608":1,"609":1,"610":1,"611":1,"612":1,"620":1,"621":1,"622":1,"623":1,"629":17,"630":0,"631":0,"635":0,"643":1,"644":1,"645":1,"646":2,"647":2,"654":0,"655":0,"659":0,"660":0,"664":1,"665":1,"666":1,"670":1,"671":1,"677":2,"693":17,"694":17,"695":17,"696":17,"697":17,"698":17,"702":3,"703":3,"704":3,"705":3,"709":1,"710":1,"711":1,"712":1,"716":1,"717":1,"718":1,"719":1,"720":1,"724":1,"725":1,"729":1,"730":1,"734":0,"735":0,"736":0,"740":1,"741":1,"742":1,"743":1,"750":1,"751":1,"752":1},"path":"C:\\Users\\user\\Documents\\New-folder\\NdaFundPlatform-\\packages\\contracts\\contracts\\FundraiserFactory.sol","s":{"1":2,"2":2,"3":2,"4":2,"5":2,"6":2,"7":2,"8":2,"9":2,"10":2,"11":2,"12":2,"13":2,"14":3,"15":2,"16":0,"17":0,"18":0,"19":0,"20":0,"21":0,"22":0,"23":0,"24":36,"25":1,"26":1,"27":1,"28":1,"29":34,"30":34,"31":34,"32":34,"33":34,"34":34,"35":34,"36":34,"37":34,"38":34,"39":34,"40":36,"41":34,"42":34,"43":33,"44":33,"45":33,"46":33,"47":1,"48":1,"49":1,"50":0,"51":0,"52":0,"53":0,"54":0,"55":0,"56":7,"57":7,"58":7,"59":7,"60":7,"61":7,"62":8,"63":8,"64":0,"65":0,"66":0,"67":0,"68":0,"69":0,"70":11,"71":10,"72":10,"73":10,"74":10,"75":10,"76":10,"77":0,"78":0,"79":0,"80":0,"81":0,"82":0,"83":0,"84":0,"85":0,"86":0,"87":0,"88":0,"89":0,"90":0,"91":0,"92":0,"93":0,"94":0,"95":0,"96":0,"97":0,"98":0,"99":0,"100":0,"101":0,"102":0,"103":0,"104":0,"105":0,"106":0,"107":1,"108":1,"109":1,"110":1,"111":1,"112":1,"113":1,"114":1,"115":17,"116":17,"117":0,"118":0,"119":0,"120":0,"121":1,"122":1,"123":1,"124":0,"125":0,"126":0,"127":0,"128":1,"129":1,"130":1,"131":1,"132":1,"133":2,"134":2,"135":1,"136":17,"137":17,"138":17,"139":17,"140":17,"141":3,"142":3,"143":3,"144":1,"145":1,"146":1,"147":1,"148":1,"149":1,"150":1,"151":1,"152":0,"153":1,"154":1,"155":1,"156":1,"157":1,"158":1,"159":1},"b":{"1":[0,2],"2":[0,2],"3":[1,2],"4":[2,0],"5":[0,0],"6":[0,0],"7":[0,0],"8":[0,0],"9":[0,0],"10":[0,0],"11":[0,0],"12":[0,0],"13":[37,0],"14":[36,1],"15":[1,0],"16":[1,0],"17":[1,0],"18":[0,1],"19":[0,1],"20":[0,1],"21":[0,34],"22":[0,34],"23":[33,1],"24":[0,33],"25":[1,0],"26":[0,1],"27":[0,0],"28":[0,0],"29":[0,0],"30":[0,0],"31":[7,0],"32":[7,0],"33":[0,7],"34":[8,0],"35":[0,0],"36":[0,0],"37":[0,0],"38":[11,0],"39":[11,0],"40":[1,10],"41":[0,10],"42":[0,0],"43":[0,0],"44":[0,0],"45":[0,0],"46":[0,0],"47":[0,0],"48":[0,0],"49":[0,0],"50":[0,0],"51":[0,0],"52":[0,0],"53":[0,0],"54":[0,0],"55":[0,0],"56":[0,0],"57":[2,0],"58":[2,0],"59":[1,1],"60":[0,1],"61":[1,0],"62":[1,0],"63":[1,0],"64":[0,1],"65":[17,0],"66":[0,0],"67":[0,1],"68":[1,1],"69":[0,17],"70":[0,17],"71":[0,0],"72":[3,0],"73":[0,3],"74":[1,0],"75":[0,1],"76":[1,0],"77":[0,1],"78":[0,1],"79":[1,0],"80":[0,1],"81":[0,0],"82":[1,0],"83":[0,1],"84":[0,0],"85":[0,0],"86":[0,0],"87":[1,0],"88":[0,1],"89":[1,0],"90":[1,0],"91":[1,0],"92":[0,1]},"f":{"1":2,"2":2,"3":3,"4":2,"5":0,"6":0,"7":0,"8":0,"9":36,"10":1,"11":34,"12":36,"13":34,"14":0,"15":7,"16":8,"17":0,"18":11,"19":0,"20":0,"21":0,"22":0,"23":0,"24":1,"25":1,"26":17,"27":0,"28":0,"29":1,"30":1,"31":0,"32":0,"33":1,"34":1,"35":2,"36":2,"37":1,"38":17,"39":3,"40":1,"41":1,"42":1,"43":1,"44":0,"45":1,"46":1,"47":1,"48":1},"fnMap":{"1":{"name":"constructor","line":141,"loc":{"start":{"line":141,"column":4},"end":{"line":173,"column":4}}},"2":{"name":"_initDefaultCategories","line":176,"loc":{"start":{"line":176,"column":4},"end":{"line":185,"column":4}}},"3":{"name":"onlyBridge","line":189,"loc":{"start":{"line":189,"column":4},"end":{"line":192,"column":4}}},"4":{"name":"setReceiptOFT","line":200,"loc":{"start":{"line":200,"column":4},"end":{"line":203,"column":4}}},"5":{"name":"setFBT","line":209,"loc":{"start":{"line":209,"column":4},"end":{"line":213,"column":4}}},"6":{"name":"setWealthBuildingDonation","line":219,"loc":{"start":{"line":219,"column":4},"end":{"line":223,"column":4}}},"7":{"name":"setImpactDAOPool","line":229,"loc":{"start":{"line":229,"column":4},"end":{"line":233,"column":4}}},"8":{"name":"setPlatformTreasury","line":239,"loc":{"start":{"line":239,"column":4},"end":{"line":243,"column":4}}},"9":{"name":"createFundraiser","line":268,"loc":{"start":{"line":259,"column":4},"end":{"line":274,"column":4}}},"10":{"name":"createVerifiedFundraiser","line":289,"loc":{"start":{"line":280,"column":4},"end":{"line":297,"column":4}}},"11":{"name":"_createFundraiserInternal","line":300,"loc":{"start":{"line":300,"column":4},"end":{"line":340,"column":4}}},"12":{"name":"_validateFundraiserParams","line":344,"loc":{"start":{"line":344,"column":4},"end":{"line":367,"column":4}}},"13":{"name":"_deployStakingPool","line":375,"loc":{"start":{"line":375,"column":4},"end":{"line":409,"column":4}}},"14":{"name":"stakeNative","line":417,"loc":{"start":{"line":417,"column":4},"end":{"line":424,"column":4}}},"15":{"name":"stakeERC20","line":432,"loc":{"start":{"line":432,"column":4},"end":{"line":439,"column":4}}},"16":{"name":"_depositToPool","line":442,"loc":{"start":{"line":442,"column":4},"end":{"line":448,"column":4}}},"17":{"name":"donateNative","line":456,"loc":{"start":{"line":456,"column":4},"end":{"line":463,"column":4}}},"18":{"name":"donateERC20","line":471,"loc":{"start":{"line":471,"column":4},"end":{"line":480,"column":4}}},"19":{"name":"donateWealthBuilding","line":492,"loc":{"start":{"line":489,"column":4},"end":{"line":514,"column":4}}},"20":{"name":"donateWealthBuildingERC20","line":526,"loc":{"start":{"line":522,"column":4},"end":{"line":548,"column":4}}},"21":{"name":"donateWealthBuildingNative","line":558,"loc":{"start":{"line":554,"column":4},"end":{"line":579,"column":4}}},"22":{"name":"getImpactDAOPool","line":589,"loc":{"start":{"line":589,"column":4},"end":{"line":591,"column":4}}},"23":{"name":"isImpactDAOPoolConfigured","line":597,"loc":{"start":{"line":597,"column":4},"end":{"line":599,"column":4}}},"24":{"name":"handleCrossChainDonation","line":607,"loc":{"start":{"line":607,"column":4},"end":{"line":613,"column":4}}},"25":{"name":"handleCrossChainStake","line":619,"loc":{"start":{"line":619,"column":4},"end":{"line":624,"column":4}}},"26":{"name":"_swapToUSDC","line":628,"loc":{"start":{"line":628,"column":4},"end":{"line":632,"column":4}}},"27":{"name":"_swapNativeToUSDC","line":634,"loc":{"start":{"line":634,"column":4},"end":{"line":636,"column":4}}},"28":{"name":"fundraisersCount","line":640,"loc":{"start":{"line":640,"column":4},"end":{"line":640,"column":92}}},"29":{"name":"fundraisers","line":642,"loc":{"start":{"line":642,"column":4},"end":{"line":649,"column":4}}},"30":{"name":"fundraisersByOwner","line":651,"loc":{"start":{"line":651,"column":4},"end":{"line":651,"column":128}}},"31":{"name":"_activeFundraisers","line":653,"loc":{"start":{"line":653,"column":4},"end":{"line":656,"column":4}}},"32":{"name":"getFundraiserById","line":658,"loc":{"start":{"line":658,"column":4},"end":{"line":661,"column":4}}},"33":{"name":"searchFundraisersByCategory","line":663,"loc":{"start":{"line":663,"column":4},"end":{"line":667,"column":4}}},"34":{"name":"searchFundraisersByRegion","line":669,"loc":{"start":{"line":669,"column":4},"end":{"line":672,"column":4}}},"35":{"name":"getAvailableCategories","line":674,"loc":{"start":{"line":674,"column":4},"end":{"line":674,"column":108}}},"36":{"name":"getPlatformStats","line":676,"loc":{"start":{"line":676,"column":4},"end":{"line":678,"column":4}}},"37":{"name":"addCategory","line":690,"loc":{"start":{"line":690,"column"
[...]
end":{"line":669,"column":51}},"67":{"start":{"line":672,"column":8},"end":{"line":672,"column":32}},"68":{"start":{"line":675,"column":8},"end":{"line":675,"column":24374}},"69":{"start":{"line":679,"column":8},"end":{"line":679,"column":24474}},"70":{"start":{"line":680,"column":12},"end":{"line":680,"column":24530}},"71":{"start":{"line":689,"column":8},"end":{"line":689,"column":23}},"72":{"start":{"line":692,"column":8},"end":{"line":692,"column":24858}},"73":{"start":{"line":698,"column":8},"end":{"line":698,"column":25085}},"74":{"start":{"line":699,"column":12},"end":{"line":699,"column":46}},"75":{"start":{"line":700,"column":12},"end":{"line":700,"column":62}},"76":{"start":{"line":701,"column":12},"end":{"line":701,"column":25255}},"77":{"start":{"line":709,"column":8},"end":{"line":709,"column":33}},"78":{"start":{"line":723,"column":8},"end":{"line":723,"column":75}},"79":{"start":{"line":725,"column":8},"end":{"line":725,"column":51}},"80":{"start":{"line":725,"column":38},"end":{"line":725,"column":51}},"81":{"start":{"line":727,"column":8},"end":{"line":727,"column":68}},"82":{"start":{"line":728,"column":8},"end":{"line":728,"column":73}},"83":{"start":{"line":728,"column":60},"end":{"line":728,"column":73}},"84":{"start":{"line":730,"column":8},"end":{"line":730,"column":74}},"85":{"start":{"line":733,"column":8},"end":{"line":733,"column":93}},"86":{"start":{"line":738,"column":8},"end":{"line":738,"column":39}},"87":{"start":{"line":752,"column":8},"end":{"line":752,"column":63}},"88":{"start":{"line":752,"column":42},"end":{"line":752,"column":63}},"89":{"start":{"line":754,"column":8},"end":{"line":754,"column":68}},"90":{"start":{"line":755,"column":8},"end":{"line":755,"column":81}},"91":{"start":{"line":755,"column":60},"end":{"line":755,"column":81}},"92":{"start":{"line":757,"column":8},"end":{"line":757,"column":74}},"93":{"start":{"line":762,"column":8},"end":{"line":762,"column":42}},"94":{"start":{"line":770,"column":8},"end":{"line":770,"column":30}},"95":{"start":{"line":801,"column":8},"end":{"line":801,"column":59}},"96":{"start":{"line":802,"column":8},"end":{"line":802,"column":29049}},"97":{"start":{"line":808,"column":8},"end":{"line":808,"column":60}},"98":{"start":{"line":821,"column":8},"end":{"line":821,"column":62}},"99":{"start":{"line":825,"column":8},"end":{"line":825,"column":63}},"100":{"start":{"line":833,"column":8},"end":{"line":833,"column":58}},"101":{"start":{"line":834,"column":8},"end":{"line":834,"column":64}},"102":{"start":{"line":836,"column":8},"end":{"line":836,"column":39}},"103":{"start":{"line":840,"column":8},"end":{"line":840,"column":30451}},"104":{"start":{"line":844,"column":8},"end":{"line":844,"column":35}},"105":{"start":{"line":852,"column":8},"end":{"line":852,"column":69}},"106":{"start":{"line":857,"column":8},"end":{"line":857,"column":47}},"107":{"start":{"line":858,"column":8},"end":{"line":858,"column":31031}},"108":{"start":{"line":859,"column":12},"end":{"line":859,"column":31083}},"109":{"start":{"line":861,"column":16},"end":{"line":861,"column":36}},"110":{"start":{"line":868,"column":8},"end":{"line":868,"column":31357}},"111":{"start":{"line":872,"column":8},"end":{"line":872,"column":37}},"112":{"start":{"line":880,"column":8},"end":{"line":880,"column":31772}},"113":{"start":{"line":891,"column":8},"end":{"line":891,"column":65}},"114":{"start":{"line":893,"column":8},"end":{"line":893,"column":46}},"115":{"start":{"line":896,"column":8},"end":{"line":896,"column":68}},"116":{"start":{"line":904,"column":8},"end":{"line":904,"column":49}},"117":{"start":{"line":908,"column":8},"end":{"line":908,"column":32742}},"118":{"start":{"line":909,"column":12},"end":{"line":909,"column":61}},"119":{"start":{"line":913,"column":8},"end":{"line":913,"column":32903}},"120":{"start":{"line":914,"column":12},"end":{"line":914,"column":43}},"121":{"start":{"line":917,"column":8},"end":{"line":917,"column":57}},"122":{"start":{"line":925,"column":8},"end":{"line":925,"column":15}},"123":{"start":{"line":932,"column":8},"end":{"line":932,"column":17}},"124":{"start":{"line":949,"column":8},"end":{"line":949,"column":50}},"125":{"start":{"line":952,"column":8},"end":{"line":952,"column":33980}},"126":{"start":{"line":953,"column":12},"end":{"line":953,"column":62}},"127":{"start":{"line":955,"column":12},"end":{"line":955,"column":34163}},"128":{"start":{"line":958,"column":12},"end":{"line":958,"column":60}},"129":{"start":{"line":961,"column":8},"end":{"line":961,"column":45}}},"branchMap":{"1":{"line":297,"type":"if","locations":[{"start":{"line":297,"column":8},"end":{"line":297,"column":8}},{"start":{"line":297,"column":8},"end":{"line":297,"column":8}}]},"2":{"line":326,"type":"if","locations":[{"start":{"line":326,"column":15},"end":{"line":326,"column":15}},{"start":{"line":326,"column":15},"end":{"line":326,"column":15}}]},"3":{"line":327,"type":"if","locations":[{"start":{"line":327,"column":8},"end":{"line":327,"column":8}},{"start":{"line":327,"column":8},"end":{"line":327,"column":8}}]},"4":{"line":328,"type":"if","locations":[{"start":{"line":328,"column":8},"end":{"line":328,"column":8}},{"start":{"line":328,"column":8},"end":{"line":328,"column":8}}]},"5":{"line":329,"type":"if","locations":[{"start":{"line":329,"column":8},"end":{"line":329,"column":8}},{"start":{"line":329,"column":8},"end":{"line":329,"column":8}}]},"6":{"line":330,"type":"if","locations":[{"start":{"line":330,"column":8},"end":{"line":330,"column":8}},{"start":{"line":330,"column":8},"end":{"line":330,"column":8}}]},"7":{"line":331,"type":"if","locations":[{"start":{"line":331,"column":8},"end":{"line":331,"column":8}},{"start":{"line":331,"column":8},"end":{"line":331,"column":8}}]},"8":{"line":373,"type":"if","locations":[{"start":{"line":373,"column":8},"end":{"line":373,"column":8}},{"start":{"line":373,"column":8},"end":{"line":373,"column":8}}]},"9":{"line":374,"type":"if","locations":[{"start":{"line":374,"column":8},"end":{"line":374,"column":8}},{"start":{"line":374,"column":8},"end":{"line":374,"column":8}}]},"10":{"line":375,"type":"if","locations":[{"start":{"line":375,"column":8},"end":{"line":375,"column":8}},{"start":{"line":375,"column":8},"end":{"line":375,"column":8}}]},"11":{"line":379,"type":"if","locations":[{"start":{"line":379,"column":8},"end":{"line":379,"column":8}},{"start":{"line":379,"column":8},"end":{"line":379,"column":8}}]},"12":{"line":380,"type":"if","locations":[{"start":{"line":380,"column":8},"end":{"line":380,"column":8}},{"start":{"line":380,"column":8},"end":{"line":380,"column":8}}]},"13":{"line":384,"type":"if","locations":[{"start":{"line":384,"column":8},"end":{"line":384,"column":8}},{"start":{"line":384,"column":8},"end":{"line":384,"column":8}}]},"14":{"line":408,"type":"if","locations":[{"start":{"line":408,"column":8},"end":{"line":408,"column":8}},{"start":{"line":408,"column":8},"end":{"line":408,"column":8}}]},"15":{"line":461,"type":"if","locations":[{"start":{"line":461,"column":8},"end":{"line":461,"column":8}},{"start":{"line":461,"column":8},"end":{"line":461,"column":8}}]},"16":{"line":462,"type":"if","locations":[{"start":{"line":462,"column":8},"end":{"line":462,"column":8}},{"start":{"line":462,"column":8},"end":{"line":462,"column":8}}]},"17":{"line":463,"type":"if","locations":[{"start":{"line":463,"column":8},"end":{"line":463,"column":8}},{"start":{"line":463,"column":8},"end":{"line":463,"column":8}}]},"18":{"line":479,"type":"if","locations":[{"start":{"line":479,"column":8},"end":{"line":479,"column":8}},{"start":{"line":479,"column":8},"end":{"line":479,"column":8}}]},"19":{"line":480,"type":"if","locations":[{"start":{"line":480,"column":8},"end":{"line":480,"column":8}},{"start":{"line":480,"column":8},"end":{"line":480,"column":8}}]},"20":{"line":482,"type":"if","locations":[{"start":{"line":482,"column":8},"end":{"line":482,"column":8}},{"start":{"line":482,"column":8},"end":{"line":482,"column":8}}]},"21":{"line":487,"type":"if","locations":[{"start":{"line":487,"column":12},"end":{"line":487,"column":12}},{"start":{"line":487,"column":12},"end":{"line":487,"column":12}}]},"22":{"line":508,"type":"if","locations":[{"start":{"line":508,"column":8},"end":{"line":508,"column":8}},{"start":{"line":508,"column":8},"end":{"line":508,"column":8}}]},"23":{"line":512,"type":"if","locations":[{"start":{"line":512,"column":8},"end":{"line":512,"column":8}},{"start":{"line":512,"column":8},"end":{"line":512,"column":8}}]},"24":{"line":522,"type":"if","locations":[{"start":{"line":522,"column":8},"end":{"line":522,"column":8}},{"start":{"line":522,"column":8},"end":{"line":522,"column":8}}]},"25":{"line":527,"type":"if","locations":[{"start":{"line":527,"column":8},"end":{"line":527,"column":8}},{"start":{"line":527,"column":8},"end":{"line":527,"column":8}}]},"26":{"line":550,"type":"if","locations":[{"start":{"line":550,"column":8},"end":{"line":550,"column":8}},{"start":{"line":550,"column":8},"end":{"line":550,"column":8}}]},"27":{"line":555,"type":"if","locations":[{"start":{"line":555,"column":8},"end":{"line":555,"column":8}},{"start":{"line":555,"column":8},"end":{"line":555,"column":8}}]},"28":{"line":579,"type":"if","locations":[{"start":{"line":579,"column":8},"end":{"line":579,"column":8}},{"start":{"line":579,"column":8},"end":{"line":579,"column":8}}]},"29":{"line":579,"type":"cond-expr","locations":[{"start":{"line":579,"column":12},"end":{"line":579,"column":45}},{"start":{"line":579,"column":50},"end":{"line":579,"column":76}}]},"30":{"line":589,"type":"if","locations":[{"start":{"line":589,"column":59},"end":{"line":589,"column":70}},{"start":{"line":589,"column":74},"end":{"line":589,"column":91}}]},"31":{"line":623,"type":"if","locations":[{"start":{"line":623,"column":15},"end":{"line":623,"column":15}},{"start":{"line":623,"column":15},"end":{"line":623,"column":15}}]},"32":{"line":623,"type":"if","locations":[{"start":{"line":623,"column":28},"end":{"line":623,"column":28}},{"start":{"line":623,"column":28},"end":{"line":623,"column":28}}]},"33":{"line":626,"type":"if","locations":[{"start":{"line":626,"column":8},"end":{"line":626,"column":8}},{"start":{"line":626,"column":8},"end":{"line":626,"column":8}}]},"34":{"line":628,"type":"if","locations":[{"start":{"line":628,"column":44},"end":{"line":628,"column":50}},{"start":{"line":628,"column":54},"end":{"line":628,"column":59}}]},"35":{"line":629,"type":"if","locations":[{"start":{"line":629,"column":8},"end":{"line":629,"column":8}},{"start":{"line":629,"column":8},"end":{"line":629,"column":8}}]},"36":{"line":636,"type":"if","locations":[{"start":{"line":636,"column":8},"end":{"line":636,"column":8}},{"start":{"line":636,"column":8},"end":{"line":636,"column":8}}]},"37":{"line":675,"type":"if","locations":[{"start":{"line":675,"column":8},"end":{"line":675,"column":8}},{"start":{"line":675,"column":8},"end":{"line":675,"column":8}}]},"38":{"line":680,"type":"if","locations":[{"start":{"line":680,"column":12},"end":{"line":680,"column":12}},{"start":{"line":680,"column":12},"end":{"line":680,"column":12}}]},"39":{"line":692,"type":"if","locations":[{"start":{"line":692,"column":8},"end":{"line":692,"column":8}},{"start":{"line":692,"column":8},"end":{"line":692,"column":8}}]},"40":{"line":701,"type":"if","locations":[{"start":{"line":701,"column":12},"end":{"line":701,"column":12}},{"start":{"line":701,"column":12},"end":{"line":701,"column":12}}]},"41":{"line":725,"type":"if","locations":[{"start":{"line":725,"column":8},"end":{"line":725,"column":8}},{"start":{"line":725,"column":8},"end":{"line":725,"column":8}}]},"42":{"line":728,"type":"if","locations":[{"start":{"line":728,"column":8},"end":{"line":728,"column":8}},{"start":{"line":728,"column":8},"end":{"line":728,"column":8}}]},"43":{"line":752,"type":"if","locations":[{"start":{"line":752,"column":8},"end":{"line":752,"column":8}},{"start":{"line":752,"column":8},"end":{"line":752,"column":8}}]},"44":{"line":755,"type":"if","locations":[{"start":{"line":755,"column":8},"end":{"line":755,"column":8}},{"start":{"line":755,"column":8},"end":{"line":755,"column":8}}]},"45":{"line":786,"type":"if","locations":[{"start":{"line":786,"column":56},"end":{"line":786,"column":84}},{"start":{"line":786,"column":88},"end":{"line":786,"column":88}}]},"46":{"line":800,"type":"if","locations":[{"start":{"line":800,"column":15},"end":{"line":800,"column":15}},{"start":{"line":800,"column":15},"end":{"line":800,"column":15}}]},"47":{"line":801,"type":"if","locations":[{"start":{"line":801,"column":8},"end":{"line":801,"column":8}},{"start":{"line":801,"column":8},"end":{"line":801,"column":8}}]},"48":{"line":802,"type":"if","locations":[{"start":{"line":802,"column":8},"end":{"line":802,"column":8}},{"start":{"line":802,"column":8},"end":{"line":802,"column":8}}]},"49":{"line":820,"type":"if","locations":[{"start":{"line":820,"column":15},"end":{"line":820,"column":15}},{"start":{"line":820,"column":15},"end":{"line":820,"column":15}}]},"50":{"line":820,"type":"if","locations":[{"start":{"line":820,"column":25},"end":{"line":820,"column":25}},{"start":{"line":820,"column":25},"end":{"line":820,"column":25}}]},"51":{"line":821,"type":"if","locations":[{"start":{"line":821,"column":8},"end":{"line":821,"column":8}},{"start":{"line":821,"column":8},"end":{"line":821,"column":8}}]},"52":{"line":832,"type":"if","locations":[{"start":{"line":832,"column":60},"end":{"line":832,"column":60}},{"start":{"line":832,"column":60},"end":{"line":832,"column":60}}]},"53":{"line":833,"type":"if","locations":[{"start":{"line":833,"column":8},"end":{"line":833,"column":8}},{"start":{"line":833,"column":8},"end":{"line":833,"column":8}}]},"54":{"line":834,"type":"if","locations":[{"start":{"line":834,"column":8},"end":{"line":834,"column":8}},{"start":{"line":834,"column":8},"end":{"line":834,"column":8}}]},"55":{"line":840,"type":"if","locations":[{"start":{"line":840,"column":8},"end":{"line":840,"column":8}},{"start":{"line":840,"column":8},"end":{"line":840,"column":8}}]},"56":{"line":851,"type":"if","locations":[{"start":{"line":851,"column":63},"end":{"line":851,"column":63}},{"start":{"line":851,"column":63},"end":{"line":851,"column":63}}]},"57":{"line":852,"type":"if","locations":[{"start":{"line":852,"column":8},"end":{"line":852,"column":8}},{"start":{"line":852,"column":8},"end":{"line":852,"column":8}}]},"58":{"line":859,"type":"if","locations":[{"start":{"line":859,"column":12},"end":{"line":859,"column":12}},{"start":{"line":859,"column":12},"end":{"line":859,"column":12}}]},"59":{"line":868,"type":"if","locations":[{"start":{"line":868,"column":8},"end":{"line":868,"column":8}},{"start":{"line":868,"column":8},"end":{"line":868,"column":8}}]},"60":{"line":869,"type":"if","locations":[{"start":{"line":869,"column":56},"end":{"line":869,"column":73}},{"start":{"line":869,"column":77},"end":{"line":869,"column":86}}]},"61":{"line":879,"type":"if","locations":[{"start":{"line":879,"column":58},"end":{"line":879,"column":58}},{"start":{"line":879,"column":58},"end":{"line":879,"column":58}}]},"62":{"line":880,"type":"if","locations":[{"start":{"line":880,"column":8},"end":{"line":880,"column":8}},{"start":{"line":880,"column":8},"end":{"line":880,"column":8}}]},"63":{"line":890,"type":"if","locations":[{"start":{"line":890,"column":69},"end":{"line":890,"column":69}},{"start":{"line":890,"column":69},"end":{"line":890,"column":69}}]},"64":{"line":891,"type":"if","locations":[{"start":{"line":891,"column":8},"end":{"line":891,"column":8}},{"start":{"line":891,"column":8},"end":{"line":891,"column":8}}]},"65":{"line":903,"type":"if","locations":[{"start":{"line":903,"column":59},"end":{"line":903,"column":59}},{"start":{"line":903,"column":59},"end":{"line":903,"column":59}}]},"66":{"line":908,"type":"if","locations":[{"start":{"line":908,"column":8},"end":{"line":908,"column":8}},{"start":{"line":908,"column":8},"end":{"line":908,"column":8}}]},"67":{"line":913,"type":"if","locations":[{"start":{"line":913,"column":8},"end":{"line":913,"column":8}},{"start":{"line":913,"column":8},"end":{"line":913,"column":8}}]},"68":{"line":924,"type":"if","locations":[{"start":{"line":924,"column":30},"end":{"line":924,"column":30}},{"start":{"line":924,"column":30},"end":{"line":924,"column":30}}]},"69":{"line":931,"type":"if","locations":[{"start":{"line":931,"column":32},"end":{"line":931,"column":32}},{"start":{"line":931,"column":32},"end":{"line":931,"column":32}}]},"70":{"line":948,"type":"if","locations":[{"start":{"line":948,"column":15},"end":{"line":948,"column":15}},{"start":{"line":948,"column":15},"end":{"line":948,"column":15}}]},"71":{"line":949,"type":"if","locations":[{"start":{"line":949,"column":8},"end":{"line":949,"column":8}},{"start":{"line":949,"column":8},"end":{"line":949,"column":8}}]},"72":{"line":952,"type":"if","locations":[{"start":{"line":952,"column":8},"end":{"line":952,"column":8}},{"start":{"line":952,"column":8},"end":{"line":952,"column":8}}]},"73":{"line":956,"type":"if","locations":[{"start":{"line":956,"column":18},"end":{"line":956,"column":52}},{"start":{"line":957,"column":18},"end":{"line":957,"column":18}}]},"74":{"line":958,"type":"if","locations":[{"start":{"line":958,"column":12},"end":{"line":958,"column":12}},{"start":{"line":958,"column":12},"end":{"line":958,"column":12}}]},"75":{"line":971,"type":"if","locations":[{"start":{"line":971,"column":76},"end":{"line":971,"column":76}},{"start":{"line":971,"column":76},"end":{"line":971,"column":76}}]}}},"contracts\\YieldDistributor.sol":{"l":{"32":0,"33":0,"35":0,"37":0,"38":0,"39":0,"40":0,"41":0,"45":0,"52":0,"53":0},"path":"C:\\Users\\user\\Documents\\New-folder\\NdaFundPlatform-\\packages\\contracts\\contracts\\YieldDistributor.sol","s":{"1":0,"2":0,"3":0,"4":0,"5":0,"6":0,"7":0,"8":0,"9":0,"10":0},"b":{"1":[0,0],"2":[0,0],"3":[0,0],"4":[0,0],"5":[0,0],"6":[0,0]},"f":{"1":0,"2":0,"3":0},"fnMap":{"1":{"name":"constructor","line":18,"loc":{"start":{"line":18,"column":4},"end":{"line":18,"column":49}}},"2":{"name":"distributeYield","line":31,"loc":{"start":{"line":27,"column":4},"end":{"line":46,"column":4}}},"3":{"name":"rescueFunds","line":51,"loc":{"start":{"line":51,"column":4},"end":{"line":54,"column":4}}}},"statementMap":{"1":{"start":{"line":32,"column":8},"end":{"line":32,"column":77}},"2":{"start":{"line":33,"column":8},"end":{"line":33,"column":54}},"3":{"start":{"line":35,"column":8},"end":{"line":35,"column":36}},"4":{"start":{"line":37,"column":8},"end":{"line":37,"column":1380}},"5":{"start":{"line":38,"column":12},"end":{"line":38,"column":68}},"6":{"start":{"line":39,"column":12},"end":{"line":39,"column":1519}},"7":{"start":{"line":40,"column":16},"end":{"line":40,"column":60}},"8":{"start":{"line":45,"column":8},"end":{"line":45,"column":82}},"9":{"start":{"line":52,"column":8},"end":{"line":52,"column":42}},"10":{"start":{"line":53,"column":8},"end":{"line":53,"column":49}}},"branchMap":{"1":{"line":31,"type":"if","locations":[{"start":{"line":31,"column":15},"end":{"line":31,"column":15}},{"start":{"line":31,"column":15},"end":{"line":31,"column":15}}]},"2":{"line":32,"type":"if","locations":[{"start":{"line":32,"column":8},"end":{"line":32,"column":8}},{"start":{"line":32,"column":8},"end":{"line":32,"column":8}}]},"3":{"line":33,"type":"if","locations":[{"start":{"line":33,"column":8},"end":{"line":33,"column":8}},{"start":{"line":33,"column":8},"end":{"line":33,"column":8}}]},"4":{"line":38,"type":"if","locations":[{"start":{"line":38,"column":12},"end":{"line":38,"column":12}},{"start":{"line":38,"column":12},"end":{"line":38,"column":12}}]},"5":{"line":39,"type":"if","locations":[{"start":{"line":39,"column":12},"end":{"line":39,"column":12}},{"start":{"line":39,"column":12},"end":{"line":39,"column":12}}]},"6":{"line":51,"type":"if","locations":[{"start":{"line":51,"column":64},"end":{"line":51,"column":64}},{"start":{"line":51,"column":64},"end":{"line":51,"column":64}}]}}}}
